DEBUG - 2025-04-20 22:42:45 --> Session: Class initialized using 'CodeIgniter\Session\Handlers\FileHandler' driver.
DEBUG - 2025-04-20 22:42:45 --> Session: Class initialized using 'CodeIgniter\Session\Handlers\FileHandler' driver.
WARNING - 2025-04-20 22:42:45 --> [DEPRECATED] Creation of dynamic property App\Controllers\Inprocessc::$model is deprecated in APPPATH\Controllers\Inprocessc.php on line 11.
 1 SYSTEMPATH\CodeIgniter.php(903): App\Controllers\Inprocessc->__construct()
 2 SYSTEMPATH\CodeIgniter.php(498): CodeIgniter\CodeIgniter->createController()
 3 SYSTEMPATH\CodeIgniter.php(354): CodeIgniter\CodeIgniter->handleRequest(null, Object(Config\Cache), false)
 4 SYSTEMPATH\Boot.php(334): CodeIgniter\CodeIgniter->run()
 5 SYSTEMPATH\Boot.php(67): CodeIgniter\Boot::runCodeIgniter(Object(CodeIgniter\CodeIgniter))
 6 FCPATH\index.php(55): CodeIgniter\Boot::bootWeb(Object(Config\Paths))
DEBUG - 2025-04-20 22:42:45 --> SQL Query Result for duty 1: Array
(
    [0] => Array
        (
            [lname] => Dela Cruz
            [duty] => 1
            [id_shift] => 1
        )

    [1] => Array
        (
            [lname] => Lopez
            [duty] => 1
            [id_shift] => 1
        )

)

DEBUG - 2025-04-20 22:42:45 --> SQL Query Result for duty 2: Array
(
    [0] => Array
        (
            [lname] => Santos
            [duty] => 2
            [id_shift] => 2
        )

    [1] => Array
        (
            [lname] => Ramirez
            [duty] => 2
            [id_shift] => 2
        )

)

DEBUG - 2025-04-20 22:42:45 --> Returning JSON Response: Array
(
    [wrong_insert] => Array
        (
            [0] => Array
                (
                    [lname] => Dela Cruz
                    [duty] => 1
                    [id_shift] => 1
                )

            [1] => Array
                (
                    [lname] => Lopez
                    [duty] => 1
                    [id_shift] => 1
                )

        )

    [not_fully_inserted] => Array
        (
            [0] => Array
                (
                    [lname] => Santos
                    [duty] => 2
                    [id_shift] => 2
                )

            [1] => Array
                (
                    [lname] => Ramirez
                    [duty] => 2
                    [id_shift] => 2
                )

        )

)

DEBUG - 2025-04-20 22:42:45 --> Session: Class initialized using 'CodeIgniter\Session\Handlers\FileHandler' driver.
DEBUG - 2025-04-20 22:42:45 --> Session: Class initialized using 'CodeIgniter\Session\Handlers\FileHandler' driver.
DEBUG - 2025-04-20 22:42:45 --> Session: Class initialized using 'CodeIgniter\Session\Handlers\FileHandler' driver.
DEBUG - 2025-04-20 22:42:46 --> Session: Class initialized using 'CodeIgniter\Session\Handlers\FileHandler' driver.
DEBUG - 2025-04-20 22:42:46 --> Crosstrain and Skilled data: Array
(
    [0] => Array
        (
            [id] => 2
            [crosstrain] => 5
            [skilled] => 15
        )

    [1] => Array
        (
            [id] => 4
            [crosstrain] => 5
            [skilled] => 15
        )

    [2] => Array
        (
            [id] => 29
            [crosstrain] => 3
            [skilled] => 3
        )

    [3] => Array
        (
            [id] => 39
            [crosstrain] => 10
            [skilled] => 10
        )

    [4] => Array
        (
            [id] => 40
            [crosstrain] => 5
            [skilled] => 5
        )

    [5] => Array
        (
            [id] => 41
            [crosstrain] => 3
            [skilled] => 3
        )

    [6] => Array
        (
            [id] => 42
            [crosstrain] => 2
            [skilled] => 1
        )

    [7] => Array
        (
            [id] => 43
            [crosstrain] => 2
            [skilled] => 3
        )

    [8] => Array
        (
            [id] => 44
            [crosstrain] => 3
            [skilled] => 3
        )

    [9] => Array
        (
            [id] => 45
            [crosstrain] => 12
            [skilled] => 2
        )

    [10] => Array
        (
            [id] => 46
            [crosstrain] => 2
            [skilled] => 2
        )

)

DEBUG - 2025-04-20 22:42:46 --> Returned Crosstrain and Skilled data: Array
(
    [0] => Array
        (
            [id] => 2
            [crosstrain] => 5
            [skilled] => 15
        )

    [1] => Array
        (
            [id] => 4
            [crosstrain] => 5
            [skilled] => 15
        )

    [2] => Array
        (
            [id] => 29
            [crosstrain] => 3
            [skilled] => 3
        )

    [3] => Array
        (
            [id] => 39
            [crosstrain] => 10
            [skilled] => 10
        )

    [4] => Array
        (
            [id] => 40
            [crosstrain] => 5
            [skilled] => 5
        )

    [5] => Array
        (
            [id] => 41
            [crosstrain] => 3
            [skilled] => 3
        )

    [6] => Array
        (
            [id] => 42
            [crosstrain] => 2
            [skilled] => 1
        )

    [7] => Array
        (
            [id] => 43
            [crosstrain] => 2
            [skilled] => 3
        )

    [8] => Array
        (
            [id] => 44
            [crosstrain] => 3
            [skilled] => 3
        )

    [9] => Array
        (
            [id] => 45
            [crosstrain] => 12
            [skilled] => 2
        )

    [10] => Array
        (
            [id] => 46
            [crosstrain] => 2
            [skilled] => 2
        )

)

