DEBUG - 2025-04-24 10:31:54 --> Session: Class initialized using 'CodeIgniter\Session\Handlers\FileHandler' driver.
DEBUG - 2025-04-24 10:31:54 --> Session: Class initialized using 'CodeIgniter\Session\Handlers\FileHandler' driver.
DEBUG - 2025-04-24 10:31:54 --> Session: Class initialized using 'CodeIgniter\Session\Handlers\FileHandler' driver.
DEBUG - 2025-04-24 10:31:54 --> Session: Class initialized using 'CodeIgniter\Session\Handlers\FileHandler' driver.
DEBUG - 2025-04-24 10:31:54 --> Session: Class initialized using 'CodeIgniter\Session\Handlers\FileHandler' driver.
WARNING - 2025-04-24 10:31:54 --> [DEPRECATED] Creation of dynamic property App\Controllers\Inprocessc::$model is deprecated in APPPATH\Controllers\Inprocessc.php on line 11.
 1 SYSTEMPATH\CodeIgniter.php(903): App\Controllers\Inprocessc->__construct()
 2 SYSTEMPATH\CodeIgniter.php(498): CodeIgniter\CodeIgniter->createController()
 3 SYSTEMPATH\CodeIgniter.php(354): CodeIgniter\CodeIgniter->handleRequest(null, Object(Config\Cache), false)
 4 SYSTEMPATH\Boot.php(334): CodeIgniter\CodeIgniter->run()
 5 SYSTEMPATH\Boot.php(67): CodeIgniter\Boot::runCodeIgniter(Object(CodeIgniter\CodeIgniter))
 6 FCPATH\index.php(55): CodeIgniter\Boot::bootWeb(Object(Config\Paths))
DEBUG - 2025-04-24 10:31:54 --> SQL Query Result for duty 1: Array
(
    [0] => Array
        (
            [lname] => Roman
            [duty] => 1
            [id_shift] => 1
        )

    [1] => Array
        (
            [lname] => Romero
            [duty] => 1
            [id_shift] => 
        )

)

DEBUG - 2025-04-24 10:31:54 --> SQL Query Result for duty 2: Array
(
    [0] => Array
        (
            [lname] => Lopez
            [duty] => 2
            [id_shift] => 2
        )

    [1] => Array
        (
            [lname] => Ramirez
            [duty] => 2
            [id_shift] => 2
        )

)

DEBUG - 2025-04-24 10:31:54 --> Returning JSON Response: Array
(
    [wrong_insert] => Array
        (
            [0] => Array
                (
                    [lname] => Roman
                    [duty] => 1
                    [id_shift] => 1
                )

            [1] => Array
                (
                    [lname] => Romero
                    [duty] => 1
                    [id_shift] => 
                )

        )

    [not_fully_inserted] => Array
        (
            [0] => Array
                (
                    [lname] => Lopez
                    [duty] => 2
                    [id_shift] => 2
                )

            [1] => Array
                (
                    [lname] => Ramirez
                    [duty] => 2
                    [id_shift] => 2
                )

        )

)

DEBUG - 2025-04-24 10:31:54 --> Session: Class initialized using 'CodeIgniter\Session\Handlers\FileHandler' driver.
DEBUG - 2025-04-24 10:31:54 --> Crosstrain and Skilled data: Array
(
    [0] => Array
        (
            [id] => 2
            [crosstrain] => 5
            [skilled] => 15
        )

    [1] => Array
        (
            [id] => 4
            [crosstrain] => 5
            [skilled] => 15
        )

    [2] => Array
        (
            [id] => 29
            [crosstrain] => 3
            [skilled] => 3
        )

    [3] => Array
        (
            [id] => 39
            [crosstrain] => 10
            [skilled] => 10
        )

    [4] => Array
        (
            [id] => 40
            [crosstrain] => 5
            [skilled] => 5
        )

    [5] => Array
        (
            [id] => 44
            [crosstrain] => 3
            [skilled] => 3
        )

    [6] => Array
        (
            [id] => 45
            [crosstrain] => 12
            [skilled] => 2
        )

    [7] => Array
        (
            [id] => 48
            [crosstrain] => 44
            [skilled] => 44
        )

    [8] => Array
        (
            [id] => 49
            [crosstrain] => 1
            [skilled] => 1
        )

)

DEBUG - 2025-04-24 10:31:54 --> Returned Crosstrain and Skilled data: Array
(
    [0] => Array
        (
            [id] => 2
            [crosstrain] => 5
            [skilled] => 15
        )

    [1] => Array
        (
            [id] => 4
            [crosstrain] => 5
            [skilled] => 15
        )

    [2] => Array
        (
            [id] => 29
            [crosstrain] => 3
            [skilled] => 3
        )

    [3] => Array
        (
            [id] => 39
            [crosstrain] => 10
            [skilled] => 10
        )

    [4] => Array
        (
            [id] => 40
            [crosstrain] => 5
            [skilled] => 5
        )

    [5] => Array
        (
            [id] => 44
            [crosstrain] => 3
            [skilled] => 3
        )

    [6] => Array
        (
            [id] => 45
            [crosstrain] => 12
            [skilled] => 2
        )

    [7] => Array
        (
            [id] => 48
            [crosstrain] => 44
            [skilled] => 44
        )

    [8] => Array
        (
            [id] => 49
            [crosstrain] => 1
            [skilled] => 1
        )

)

DEBUG - 2025-04-24 10:32:45 --> Session: Class initialized using 'CodeIgniter\Session\Handlers\FileHandler' driver.
DEBUG - 2025-04-24 10:32:45 --> Session: Class initialized using 'CodeIgniter\Session\Handlers\FileHandler' driver.
DEBUG - 2025-04-24 10:32:45 --> Session: Class initialized using 'CodeIgniter\Session\Handlers\FileHandler' driver.
WARNING - 2025-04-24 10:32:45 --> [DEPRECATED] Creation of dynamic property App\Controllers\Inprocessc::$model is deprecated in APPPATH\Controllers\Inprocessc.php on line 11.
 1 SYSTEMPATH\CodeIgniter.php(903): App\Controllers\Inprocessc->__construct()
 2 SYSTEMPATH\CodeIgniter.php(498): CodeIgniter\CodeIgniter->createController()
 3 SYSTEMPATH\CodeIgniter.php(354): CodeIgniter\CodeIgniter->handleRequest(null, Object(Config\Cache), false)
 4 SYSTEMPATH\Boot.php(334): CodeIgniter\CodeIgniter->run()
 5 SYSTEMPATH\Boot.php(67): CodeIgniter\Boot::runCodeIgniter(Object(CodeIgniter\CodeIgniter))
 6 FCPATH\index.php(55): CodeIgniter\Boot::bootWeb(Object(Config\Paths))
DEBUG - 2025-04-24 10:32:45 --> SQL Query Result for duty 1: Array
(
    [0] => Array
        (
            [lname] => Roman
            [duty] => 1
            [id_shift] => 1
        )

    [1] => Array
        (
            [lname] => Romero
            [duty] => 1
            [id_shift] => 
        )

)

DEBUG - 2025-04-24 10:32:45 --> SQL Query Result for duty 2: Array
(
    [0] => Array
        (
            [lname] => Lopez
            [duty] => 2
            [id_shift] => 2
        )

    [1] => Array
        (
            [lname] => Ramirez
            [duty] => 2
            [id_shift] => 2
        )

)

DEBUG - 2025-04-24 10:32:45 --> Returning JSON Response: Array
(
    [wrong_insert] => Array
        (
            [0] => Array
                (
                    [lname] => Roman
                    [duty] => 1
                    [id_shift] => 1
                )

            [1] => Array
                (
                    [lname] => Romero
                    [duty] => 1
                    [id_shift] => 
                )

        )

    [not_fully_inserted] => Array
        (
            [0] => Array
                (
                    [lname] => Lopez
                    [duty] => 2
                    [id_shift] => 2
                )

            [1] => Array
                (
                    [lname] => Ramirez
                    [duty] => 2
                    [id_shift] => 2
                )

        )

)

DEBUG - 2025-04-24 10:32:45 --> Session: Class initialized using 'CodeIgniter\Session\Handlers\FileHandler' driver.
DEBUG - 2025-04-24 10:32:45 --> Crosstrain and Skilled data: Array
(
    [0] => Array
        (
            [id] => 2
            [crosstrain] => 5
            [skilled] => 15
        )

    [1] => Array
        (
            [id] => 4
            [crosstrain] => 5
            [skilled] => 15
        )

    [2] => Array
        (
            [id] => 29
            [crosstrain] => 3
            [skilled] => 3
        )

    [3] => Array
        (
            [id] => 39
            [crosstrain] => 10
            [skilled] => 10
        )

    [4] => Array
        (
            [id] => 40
            [crosstrain] => 5
            [skilled] => 5
        )

    [5] => Array
        (
            [id] => 44
            [crosstrain] => 3
            [skilled] => 3
        )

    [6] => Array
        (
            [id] => 45
            [crosstrain] => 12
            [skilled] => 2
        )

    [7] => Array
        (
            [id] => 48
            [crosstrain] => 44
            [skilled] => 44
        )

    [8] => Array
        (
            [id] => 49
            [crosstrain] => 1
            [skilled] => 1
        )

)

DEBUG - 2025-04-24 10:32:45 --> Returned Crosstrain and Skilled data: Array
(
    [0] => Array
        (
            [id] => 2
            [crosstrain] => 5
            [skilled] => 15
        )

    [1] => Array
        (
            [id] => 4
            [crosstrain] => 5
            [skilled] => 15
        )

    [2] => Array
        (
            [id] => 29
            [crosstrain] => 3
            [skilled] => 3
        )

    [3] => Array
        (
            [id] => 39
            [crosstrain] => 10
            [skilled] => 10
        )

    [4] => Array
        (
            [id] => 40
            [crosstrain] => 5
            [skilled] => 5
        )

    [5] => Array
        (
            [id] => 44
            [crosstrain] => 3
            [skilled] => 3
        )

    [6] => Array
        (
            [id] => 45
            [crosstrain] => 12
            [skilled] => 2
        )

    [7] => Array
        (
            [id] => 48
            [crosstrain] => 44
            [skilled] => 44
        )

    [8] => Array
        (
            [id] => 49
            [crosstrain] => 1
            [skilled] => 1
        )

)

DEBUG - 2025-04-24 10:33:35 --> Session: Class initialized using 'CodeIgniter\Session\Handlers\FileHandler' driver.
DEBUG - 2025-04-24 10:33:35 --> Session: Class initialized using 'CodeIgniter\Session\Handlers\FileHandler' driver.
WARNING - 2025-04-24 10:33:35 --> [DEPRECATED] Creation of dynamic property App\Controllers\Inprocessc::$model is deprecated in APPPATH\Controllers\Inprocessc.php on line 11.
 1 SYSTEMPATH\CodeIgniter.php(903): App\Controllers\Inprocessc->__construct()
 2 SYSTEMPATH\CodeIgniter.php(498): CodeIgniter\CodeIgniter->createController()
 3 SYSTEMPATH\CodeIgniter.php(354): CodeIgniter\CodeIgniter->handleRequest(null, Object(Config\Cache), false)
 4 SYSTEMPATH\Boot.php(334): CodeIgniter\CodeIgniter->run()
 5 SYSTEMPATH\Boot.php(67): CodeIgniter\Boot::runCodeIgniter(Object(CodeIgniter\CodeIgniter))
 6 FCPATH\index.php(55): CodeIgniter\Boot::bootWeb(Object(Config\Paths))
DEBUG - 2025-04-24 10:33:35 --> SQL Query Result for duty 1: Array
(
    [0] => Array
        (
            [lname] => Roman
            [duty] => 1
            [id_shift] => 1
        )

    [1] => Array
        (
            [lname] => Romero
            [duty] => 1
            [id_shift] => 
        )

)

DEBUG - 2025-04-24 10:33:35 --> SQL Query Result for duty 2: Array
(
    [0] => Array
        (
            [lname] => Lopez
            [duty] => 2
            [id_shift] => 2
        )

    [1] => Array
        (
            [lname] => Ramirez
            [duty] => 2
            [id_shift] => 2
        )

)

DEBUG - 2025-04-24 10:33:35 --> Returning JSON Response: Array
(
    [wrong_insert] => Array
        (
            [0] => Array
                (
                    [lname] => Roman
                    [duty] => 1
                    [id_shift] => 1
                )

            [1] => Array
                (
                    [lname] => Romero
                    [duty] => 1
                    [id_shift] => 
                )

        )

    [not_fully_inserted] => Array
        (
            [0] => Array
                (
                    [lname] => Lopez
                    [duty] => 2
                    [id_shift] => 2
                )

            [1] => Array
                (
                    [lname] => Ramirez
                    [duty] => 2
                    [id_shift] => 2
                )

        )

)

DEBUG - 2025-04-24 10:33:35 --> Session: Class initialized using 'CodeIgniter\Session\Handlers\FileHandler' driver.
DEBUG - 2025-04-24 10:33:35 --> Session: Class initialized using 'CodeIgniter\Session\Handlers\FileHandler' driver.
DEBUG - 2025-04-24 10:33:35 --> Crosstrain and Skilled data: Array
(
    [0] => Array
        (
            [id] => 2
            [crosstrain] => 5
            [skilled] => 15
        )

    [1] => Array
        (
            [id] => 4
            [crosstrain] => 5
            [skilled] => 15
        )

    [2] => Array
        (
            [id] => 29
            [crosstrain] => 3
            [skilled] => 3
        )

    [3] => Array
        (
            [id] => 39
            [crosstrain] => 10
            [skilled] => 10
        )

    [4] => Array
        (
            [id] => 40
            [crosstrain] => 5
            [skilled] => 5
        )

    [5] => Array
        (
            [id] => 44
            [crosstrain] => 3
            [skilled] => 3
        )

    [6] => Array
        (
            [id] => 45
            [crosstrain] => 12
            [skilled] => 2
        )

    [7] => Array
        (
            [id] => 48
            [crosstrain] => 44
            [skilled] => 44
        )

    [8] => Array
        (
            [id] => 49
            [crosstrain] => 1
            [skilled] => 1
        )

)

DEBUG - 2025-04-24 10:33:35 --> Returned Crosstrain and Skilled data: Array
(
    [0] => Array
        (
            [id] => 2
            [crosstrain] => 5
            [skilled] => 15
        )

    [1] => Array
        (
            [id] => 4
            [crosstrain] => 5
            [skilled] => 15
        )

    [2] => Array
        (
            [id] => 29
            [crosstrain] => 3
            [skilled] => 3
        )

    [3] => Array
        (
            [id] => 39
            [crosstrain] => 10
            [skilled] => 10
        )

    [4] => Array
        (
            [id] => 40
            [crosstrain] => 5
            [skilled] => 5
        )

    [5] => Array
        (
            [id] => 44
            [crosstrain] => 3
            [skilled] => 3
        )

    [6] => Array
        (
            [id] => 45
            [crosstrain] => 12
            [skilled] => 2
        )

    [7] => Array
        (
            [id] => 48
            [crosstrain] => 44
            [skilled] => 44
        )

    [8] => Array
        (
            [id] => 49
            [crosstrain] => 1
            [skilled] => 1
        )

)

DEBUG - 2025-04-24 10:33:45 --> Session: Class initialized using 'CodeIgniter\Session\Handlers\FileHandler' driver.
DEBUG - 2025-04-24 10:33:45 --> Session: Class initialized using 'CodeIgniter\Session\Handlers\FileHandler' driver.
DEBUG - 2025-04-24 10:33:45 --> Session: Class initialized using 'CodeIgniter\Session\Handlers\FileHandler' driver.
DEBUG - 2025-04-24 10:33:54 --> Session: Class initialized using 'CodeIgniter\Session\Handlers\FileHandler' driver.
DEBUG - 2025-04-24 10:33:55 --> Session: Class initialized using 'CodeIgniter\Session\Handlers\FileHandler' driver.
DEBUG - 2025-04-24 10:33:55 --> Session: Class initialized using 'CodeIgniter\Session\Handlers\FileHandler' driver.
WARNING - 2025-04-24 10:33:55 --> [DEPRECATED] Creation of dynamic property App\Controllers\Inprocessc::$model is deprecated in APPPATH\Controllers\Inprocessc.php on line 11.
 1 SYSTEMPATH\CodeIgniter.php(903): App\Controllers\Inprocessc->__construct()
 2 SYSTEMPATH\CodeIgniter.php(498): CodeIgniter\CodeIgniter->createController()
 3 SYSTEMPATH\CodeIgniter.php(354): CodeIgniter\CodeIgniter->handleRequest(null, Object(Config\Cache), false)
 4 SYSTEMPATH\Boot.php(334): CodeIgniter\CodeIgniter->run()
 5 SYSTEMPATH\Boot.php(67): CodeIgniter\Boot::runCodeIgniter(Object(CodeIgniter\CodeIgniter))
 6 FCPATH\index.php(55): CodeIgniter\Boot::bootWeb(Object(Config\Paths))
DEBUG - 2025-04-24 10:33:55 --> SQL Query Result for duty 1: Array
(
    [0] => Array
        (
            [lname] => Roman
            [duty] => 1
            [id_shift] => 1
        )

    [1] => Array
        (
            [lname] => Romero
            [duty] => 1
            [id_shift] => 
        )

)

DEBUG - 2025-04-24 10:33:55 --> SQL Query Result for duty 2: Array
(
    [0] => Array
        (
            [lname] => Lopez
            [duty] => 2
            [id_shift] => 2
        )

    [1] => Array
        (
            [lname] => Ramirez
            [duty] => 2
            [id_shift] => 2
        )

)

DEBUG - 2025-04-24 10:33:55 --> Returning JSON Response: Array
(
    [wrong_insert] => Array
        (
            [0] => Array
                (
                    [lname] => Roman
                    [duty] => 1
                    [id_shift] => 1
                )

            [1] => Array
                (
                    [lname] => Romero
                    [duty] => 1
                    [id_shift] => 
                )

        )

    [not_fully_inserted] => Array
        (
            [0] => Array
                (
                    [lname] => Lopez
                    [duty] => 2
                    [id_shift] => 2
                )

            [1] => Array
                (
                    [lname] => Ramirez
                    [duty] => 2
                    [id_shift] => 2
                )

        )

)

DEBUG - 2025-04-24 10:33:55 --> Session: Class initialized using 'CodeIgniter\Session\Handlers\FileHandler' driver.
DEBUG - 2025-04-24 10:33:55 --> Session: Class initialized using 'CodeIgniter\Session\Handlers\FileHandler' driver.
DEBUG - 2025-04-24 10:33:55 --> Session: Class initialized using 'CodeIgniter\Session\Handlers\FileHandler' driver.
DEBUG - 2025-04-24 10:33:55 --> Session: Class initialized using 'CodeIgniter\Session\Handlers\FileHandler' driver.
DEBUG - 2025-04-24 10:33:55 --> Crosstrain and Skilled data: Array
(
    [0] => Array
        (
            [id] => 2
            [crosstrain] => 5
            [skilled] => 15
        )

    [1] => Array
        (
            [id] => 4
            [crosstrain] => 5
            [skilled] => 15
        )

    [2] => Array
        (
            [id] => 29
            [crosstrain] => 3
            [skilled] => 3
        )

    [3] => Array
        (
            [id] => 39
            [crosstrain] => 10
            [skilled] => 10
        )

    [4] => Array
        (
            [id] => 40
            [crosstrain] => 5
            [skilled] => 5
        )

    [5] => Array
        (
            [id] => 44
            [crosstrain] => 3
            [skilled] => 3
        )

    [6] => Array
        (
            [id] => 45
            [crosstrain] => 12
            [skilled] => 2
        )

    [7] => Array
        (
            [id] => 48
            [crosstrain] => 44
            [skilled] => 44
        )

    [8] => Array
        (
            [id] => 49
            [crosstrain] => 1
            [skilled] => 1
        )

)

DEBUG - 2025-04-24 10:33:55 --> Returned Crosstrain and Skilled data: Array
(
    [0] => Array
        (
            [id] => 2
            [crosstrain] => 5
            [skilled] => 15
        )

    [1] => Array
        (
            [id] => 4
            [crosstrain] => 5
            [skilled] => 15
        )

    [2] => Array
        (
            [id] => 29
            [crosstrain] => 3
            [skilled] => 3
        )

    [3] => Array
        (
            [id] => 39
            [crosstrain] => 10
            [skilled] => 10
        )

    [4] => Array
        (
            [id] => 40
            [crosstrain] => 5
            [skilled] => 5
        )

    [5] => Array
        (
            [id] => 44
            [crosstrain] => 3
            [skilled] => 3
        )

    [6] => Array
        (
            [id] => 45
            [crosstrain] => 12
            [skilled] => 2
        )

    [7] => Array
        (
            [id] => 48
            [crosstrain] => 44
            [skilled] => 44
        )

    [8] => Array
        (
            [id] => 49
            [crosstrain] => 1
            [skilled] => 1
        )

)

DEBUG - 2025-04-24 10:34:46 --> Session: Class initialized using 'CodeIgniter\Session\Handlers\FileHandler' driver.
WARNING - 2025-04-24 10:34:46 --> [DEPRECATED] Creation of dynamic property App\Controllers\Inprocessc::$model is deprecated in APPPATH\Controllers\Inprocessc.php on line 11.
 1 SYSTEMPATH\CodeIgniter.php(903): App\Controllers\Inprocessc->__construct()
 2 SYSTEMPATH\CodeIgniter.php(498): CodeIgniter\CodeIgniter->createController()
 3 SYSTEMPATH\CodeIgniter.php(354): CodeIgniter\CodeIgniter->handleRequest(null, Object(Config\Cache), false)
 4 SYSTEMPATH\Boot.php(334): CodeIgniter\CodeIgniter->run()
 5 SYSTEMPATH\Boot.php(67): CodeIgniter\Boot::runCodeIgniter(Object(CodeIgniter\CodeIgniter))
 6 FCPATH\index.php(55): CodeIgniter\Boot::bootWeb(Object(Config\Paths))
DEBUG - 2025-04-24 10:34:46 --> SQL Query Result for duty 1: Array
(
    [0] => Array
        (
            [lname] => Roman
            [duty] => 1
            [id_shift] => 1
        )

    [1] => Array
        (
            [lname] => Romero
            [duty] => 1
            [id_shift] => 
        )

)

DEBUG - 2025-04-24 10:34:46 --> SQL Query Result for duty 2: Array
(
    [0] => Array
        (
            [lname] => Lopez
            [duty] => 2
            [id_shift] => 2
        )

    [1] => Array
        (
            [lname] => Ramirez
            [duty] => 2
            [id_shift] => 2
        )

)

DEBUG - 2025-04-24 10:34:46 --> Returning JSON Response: Array
(
    [wrong_insert] => Array
        (
            [0] => Array
                (
                    [lname] => Roman
                    [duty] => 1
                    [id_shift] => 1
                )

            [1] => Array
                (
                    [lname] => Romero
                    [duty] => 1
                    [id_shift] => 
                )

        )

    [not_fully_inserted] => Array
        (
            [0] => Array
                (
                    [lname] => Lopez
                    [duty] => 2
                    [id_shift] => 2
                )

            [1] => Array
                (
                    [lname] => Ramirez
                    [duty] => 2
                    [id_shift] => 2
                )

        )

)

DEBUG - 2025-04-24 10:34:46 --> Session: Class initialized using 'CodeIgniter\Session\Handlers\FileHandler' driver.
DEBUG - 2025-04-24 10:34:46 --> Session: Class initialized using 'CodeIgniter\Session\Handlers\FileHandler' driver.
DEBUG - 2025-04-24 10:34:46 --> Session: Class initialized using 'CodeIgniter\Session\Handlers\FileHandler' driver.
DEBUG - 2025-04-24 10:34:46 --> Crosstrain and Skilled data: Array
(
    [0] => Array
        (
            [id] => 2
            [crosstrain] => 5
            [skilled] => 15
        )

    [1] => Array
        (
            [id] => 4
            [crosstrain] => 5
            [skilled] => 15
        )

    [2] => Array
        (
            [id] => 29
            [crosstrain] => 3
            [skilled] => 3
        )

    [3] => Array
        (
            [id] => 39
            [crosstrain] => 10
            [skilled] => 10
        )

    [4] => Array
        (
            [id] => 40
            [crosstrain] => 5
            [skilled] => 5
        )

    [5] => Array
        (
            [id] => 44
            [crosstrain] => 3
            [skilled] => 3
        )

    [6] => Array
        (
            [id] => 45
            [crosstrain] => 12
            [skilled] => 2
        )

    [7] => Array
        (
            [id] => 48
            [crosstrain] => 44
            [skilled] => 44
        )

    [8] => Array
        (
            [id] => 49
            [crosstrain] => 1
            [skilled] => 1
        )

)

DEBUG - 2025-04-24 10:34:46 --> Returned Crosstrain and Skilled data: Array
(
    [0] => Array
        (
            [id] => 2
            [crosstrain] => 5
            [skilled] => 15
        )

    [1] => Array
        (
            [id] => 4
            [crosstrain] => 5
            [skilled] => 15
        )

    [2] => Array
        (
            [id] => 29
            [crosstrain] => 3
            [skilled] => 3
        )

    [3] => Array
        (
            [id] => 39
            [crosstrain] => 10
            [skilled] => 10
        )

    [4] => Array
        (
            [id] => 40
            [crosstrain] => 5
            [skilled] => 5
        )

    [5] => Array
        (
            [id] => 44
            [crosstrain] => 3
            [skilled] => 3
        )

    [6] => Array
        (
            [id] => 45
            [crosstrain] => 12
            [skilled] => 2
        )

    [7] => Array
        (
            [id] => 48
            [crosstrain] => 44
            [skilled] => 44
        )

    [8] => Array
        (
            [id] => 49
            [crosstrain] => 1
            [skilled] => 1
        )

)

DEBUG - 2025-04-24 10:35:36 --> Session: Class initialized using 'CodeIgniter\Session\Handlers\FileHandler' driver.
DEBUG - 2025-04-24 10:35:36 --> Session: Class initialized using 'CodeIgniter\Session\Handlers\FileHandler' driver.
DEBUG - 2025-04-24 10:35:36 --> Session: Class initialized using 'CodeIgniter\Session\Handlers\FileHandler' driver.
WARNING - 2025-04-24 10:35:36 --> [DEPRECATED] Creation of dynamic property App\Controllers\Inprocessc::$model is deprecated in APPPATH\Controllers\Inprocessc.php on line 11.
 1 SYSTEMPATH\CodeIgniter.php(903): App\Controllers\Inprocessc->__construct()
 2 SYSTEMPATH\CodeIgniter.php(498): CodeIgniter\CodeIgniter->createController()
 3 SYSTEMPATH\CodeIgniter.php(354): CodeIgniter\CodeIgniter->handleRequest(null, Object(Config\Cache), false)
 4 SYSTEMPATH\Boot.php(334): CodeIgniter\CodeIgniter->run()
 5 SYSTEMPATH\Boot.php(67): CodeIgniter\Boot::runCodeIgniter(Object(CodeIgniter\CodeIgniter))
 6 FCPATH\index.php(55): CodeIgniter\Boot::bootWeb(Object(Config\Paths))
DEBUG - 2025-04-24 10:35:36 --> SQL Query Result for duty 1: Array
(
    [0] => Array
        (
            [lname] => Roman
            [duty] => 1
            [id_shift] => 1
        )

    [1] => Array
        (
            [lname] => Romero
            [duty] => 1
            [id_shift] => 
        )

)

DEBUG - 2025-04-24 10:35:36 --> SQL Query Result for duty 2: Array
(
    [0] => Array
        (
            [lname] => Lopez
            [duty] => 2
            [id_shift] => 2
        )

    [1] => Array
        (
            [lname] => Ramirez
            [duty] => 2
            [id_shift] => 2
        )

)

DEBUG - 2025-04-24 10:35:36 --> Returning JSON Response: Array
(
    [wrong_insert] => Array
        (
            [0] => Array
                (
                    [lname] => Roman
                    [duty] => 1
                    [id_shift] => 1
                )

            [1] => Array
                (
                    [lname] => Romero
                    [duty] => 1
                    [id_shift] => 
                )

        )

    [not_fully_inserted] => Array
        (
            [0] => Array
                (
                    [lname] => Lopez
                    [duty] => 2
                    [id_shift] => 2
                )

            [1] => Array
                (
                    [lname] => Ramirez
                    [duty] => 2
                    [id_shift] => 2
                )

        )

)

DEBUG - 2025-04-24 10:35:36 --> Session: Class initialized using 'CodeIgniter\Session\Handlers\FileHandler' driver.
DEBUG - 2025-04-24 10:35:36 --> Crosstrain and Skilled data: Array
(
    [0] => Array
        (
            [id] => 2
            [crosstrain] => 5
            [skilled] => 15
        )

    [1] => Array
        (
            [id] => 4
            [crosstrain] => 5
            [skilled] => 15
        )

    [2] => Array
        (
            [id] => 29
            [crosstrain] => 3
            [skilled] => 3
        )

    [3] => Array
        (
            [id] => 39
            [crosstrain] => 10
            [skilled] => 10
        )

    [4] => Array
        (
            [id] => 40
            [crosstrain] => 5
            [skilled] => 5
        )

    [5] => Array
        (
            [id] => 44
            [crosstrain] => 3
            [skilled] => 3
        )

    [6] => Array
        (
            [id] => 45
            [crosstrain] => 12
            [skilled] => 2
        )

    [7] => Array
        (
            [id] => 48
            [crosstrain] => 44
            [skilled] => 44
        )

    [8] => Array
        (
            [id] => 49
            [crosstrain] => 1
            [skilled] => 1
        )

)

DEBUG - 2025-04-24 10:35:36 --> Returned Crosstrain and Skilled data: Array
(
    [0] => Array
        (
            [id] => 2
            [crosstrain] => 5
            [skilled] => 15
        )

    [1] => Array
        (
            [id] => 4
            [crosstrain] => 5
            [skilled] => 15
        )

    [2] => Array
        (
            [id] => 29
            [crosstrain] => 3
            [skilled] => 3
        )

    [3] => Array
        (
            [id] => 39
            [crosstrain] => 10
            [skilled] => 10
        )

    [4] => Array
        (
            [id] => 40
            [crosstrain] => 5
            [skilled] => 5
        )

    [5] => Array
        (
            [id] => 44
            [crosstrain] => 3
            [skilled] => 3
        )

    [6] => Array
        (
            [id] => 45
            [crosstrain] => 12
            [skilled] => 2
        )

    [7] => Array
        (
            [id] => 48
            [crosstrain] => 44
            [skilled] => 44
        )

    [8] => Array
        (
            [id] => 49
            [crosstrain] => 1
            [skilled] => 1
        )

)

DEBUG - 2025-04-24 10:36:26 --> Session: Class initialized using 'CodeIgniter\Session\Handlers\FileHandler' driver.
DEBUG - 2025-04-24 10:36:26 --> Session: Class initialized using 'CodeIgniter\Session\Handlers\FileHandler' driver.
WARNING - 2025-04-24 10:36:26 --> [DEPRECATED] Creation of dynamic property App\Controllers\Inprocessc::$model is deprecated in APPPATH\Controllers\Inprocessc.php on line 11.
 1 SYSTEMPATH\CodeIgniter.php(903): App\Controllers\Inprocessc->__construct()
 2 SYSTEMPATH\CodeIgniter.php(498): CodeIgniter\CodeIgniter->createController()
 3 SYSTEMPATH\CodeIgniter.php(354): CodeIgniter\CodeIgniter->handleRequest(null, Object(Config\Cache), false)
 4 SYSTEMPATH\Boot.php(334): CodeIgniter\CodeIgniter->run()
 5 SYSTEMPATH\Boot.php(67): CodeIgniter\Boot::runCodeIgniter(Object(CodeIgniter\CodeIgniter))
 6 FCPATH\index.php(55): CodeIgniter\Boot::bootWeb(Object(Config\Paths))
DEBUG - 2025-04-24 10:36:26 --> SQL Query Result for duty 1: Array
(
    [0] => Array
        (
            [lname] => Roman
            [duty] => 1
            [id_shift] => 1
        )

    [1] => Array
        (
            [lname] => Romero
            [duty] => 1
            [id_shift] => 
        )

)

DEBUG - 2025-04-24 10:36:26 --> SQL Query Result for duty 2: Array
(
    [0] => Array
        (
            [lname] => Lopez
            [duty] => 2
            [id_shift] => 2
        )

    [1] => Array
        (
            [lname] => Ramirez
            [duty] => 2
            [id_shift] => 2
        )

)

DEBUG - 2025-04-24 10:36:26 --> Returning JSON Response: Array
(
    [wrong_insert] => Array
        (
            [0] => Array
                (
                    [lname] => Roman
                    [duty] => 1
                    [id_shift] => 1
                )

            [1] => Array
                (
                    [lname] => Romero
                    [duty] => 1
                    [id_shift] => 
                )

        )

    [not_fully_inserted] => Array
        (
            [0] => Array
                (
                    [lname] => Lopez
                    [duty] => 2
                    [id_shift] => 2
                )

            [1] => Array
                (
                    [lname] => Ramirez
                    [duty] => 2
                    [id_shift] => 2
                )

        )

)

DEBUG - 2025-04-24 10:36:26 --> Session: Class initialized using 'CodeIgniter\Session\Handlers\FileHandler' driver.
DEBUG - 2025-04-24 10:36:26 --> Session: Class initialized using 'CodeIgniter\Session\Handlers\FileHandler' driver.
DEBUG - 2025-04-24 10:36:26 --> Crosstrain and Skilled data: Array
(
    [0] => Array
        (
            [id] => 2
            [crosstrain] => 5
            [skilled] => 15
        )

    [1] => Array
        (
            [id] => 4
            [crosstrain] => 5
            [skilled] => 15
        )

    [2] => Array
        (
            [id] => 29
            [crosstrain] => 3
            [skilled] => 3
        )

    [3] => Array
        (
            [id] => 39
            [crosstrain] => 10
            [skilled] => 10
        )

    [4] => Array
        (
            [id] => 40
            [crosstrain] => 5
            [skilled] => 5
        )

    [5] => Array
        (
            [id] => 44
            [crosstrain] => 3
            [skilled] => 3
        )

    [6] => Array
        (
            [id] => 45
            [crosstrain] => 12
            [skilled] => 2
        )

    [7] => Array
        (
            [id] => 48
            [crosstrain] => 44
            [skilled] => 44
        )

    [8] => Array
        (
            [id] => 49
            [crosstrain] => 1
            [skilled] => 1
        )

)

DEBUG - 2025-04-24 10:36:26 --> Returned Crosstrain and Skilled data: Array
(
    [0] => Array
        (
            [id] => 2
            [crosstrain] => 5
            [skilled] => 15
        )

    [1] => Array
        (
            [id] => 4
            [crosstrain] => 5
            [skilled] => 15
        )

    [2] => Array
        (
            [id] => 29
            [crosstrain] => 3
            [skilled] => 3
        )

    [3] => Array
        (
            [id] => 39
            [crosstrain] => 10
            [skilled] => 10
        )

    [4] => Array
        (
            [id] => 40
            [crosstrain] => 5
            [skilled] => 5
        )

    [5] => Array
        (
            [id] => 44
            [crosstrain] => 3
            [skilled] => 3
        )

    [6] => Array
        (
            [id] => 45
            [crosstrain] => 12
            [skilled] => 2
        )

    [7] => Array
        (
            [id] => 48
            [crosstrain] => 44
            [skilled] => 44
        )

    [8] => Array
        (
            [id] => 49
            [crosstrain] => 1
            [skilled] => 1
        )

)

DEBUG - 2025-04-24 10:37:16 --> Session: Class initialized using 'CodeIgniter\Session\Handlers\FileHandler' driver.
WARNING - 2025-04-24 10:37:16 --> [DEPRECATED] Creation of dynamic property App\Controllers\Inprocessc::$model is deprecated in APPPATH\Controllers\Inprocessc.php on line 11.
 1 SYSTEMPATH\CodeIgniter.php(903): App\Controllers\Inprocessc->__construct()
 2 SYSTEMPATH\CodeIgniter.php(498): CodeIgniter\CodeIgniter->createController()
 3 SYSTEMPATH\CodeIgniter.php(354): CodeIgniter\CodeIgniter->handleRequest(null, Object(Config\Cache), false)
 4 SYSTEMPATH\Boot.php(334): CodeIgniter\CodeIgniter->run()
 5 SYSTEMPATH\Boot.php(67): CodeIgniter\Boot::runCodeIgniter(Object(CodeIgniter\CodeIgniter))
 6 FCPATH\index.php(55): CodeIgniter\Boot::bootWeb(Object(Config\Paths))
DEBUG - 2025-04-24 10:37:16 --> SQL Query Result for duty 1: Array
(
    [0] => Array
        (
            [lname] => Roman
            [duty] => 1
            [id_shift] => 1
        )

    [1] => Array
        (
            [lname] => Romero
            [duty] => 1
            [id_shift] => 
        )

)

DEBUG - 2025-04-24 10:37:16 --> SQL Query Result for duty 2: Array
(
    [0] => Array
        (
            [lname] => Lopez
            [duty] => 2
            [id_shift] => 2
        )

    [1] => Array
        (
            [lname] => Ramirez
            [duty] => 2
            [id_shift] => 2
        )

)

DEBUG - 2025-04-24 10:37:16 --> Returning JSON Response: Array
(
    [wrong_insert] => Array
        (
            [0] => Array
                (
                    [lname] => Roman
                    [duty] => 1
                    [id_shift] => 1
                )

            [1] => Array
                (
                    [lname] => Romero
                    [duty] => 1
                    [id_shift] => 
                )

        )

    [not_fully_inserted] => Array
        (
            [0] => Array
                (
                    [lname] => Lopez
                    [duty] => 2
                    [id_shift] => 2
                )

            [1] => Array
                (
                    [lname] => Ramirez
                    [duty] => 2
                    [id_shift] => 2
                )

        )

)

DEBUG - 2025-04-24 10:37:16 --> Session: Class initialized using 'CodeIgniter\Session\Handlers\FileHandler' driver.
DEBUG - 2025-04-24 10:37:16 --> Session: Class initialized using 'CodeIgniter\Session\Handlers\FileHandler' driver.
DEBUG - 2025-04-24 10:37:16 --> Session: Class initialized using 'CodeIgniter\Session\Handlers\FileHandler' driver.
DEBUG - 2025-04-24 10:37:16 --> Crosstrain and Skilled data: Array
(
    [0] => Array
        (
            [id] => 2
            [crosstrain] => 5
            [skilled] => 15
        )

    [1] => Array
        (
            [id] => 4
            [crosstrain] => 5
            [skilled] => 15
        )

    [2] => Array
        (
            [id] => 29
            [crosstrain] => 3
            [skilled] => 3
        )

    [3] => Array
        (
            [id] => 39
            [crosstrain] => 10
            [skilled] => 10
        )

    [4] => Array
        (
            [id] => 40
            [crosstrain] => 5
            [skilled] => 5
        )

    [5] => Array
        (
            [id] => 44
            [crosstrain] => 3
            [skilled] => 3
        )

    [6] => Array
        (
            [id] => 45
            [crosstrain] => 12
            [skilled] => 2
        )

    [7] => Array
        (
            [id] => 48
            [crosstrain] => 44
            [skilled] => 44
        )

    [8] => Array
        (
            [id] => 49
            [crosstrain] => 1
            [skilled] => 1
        )

)

DEBUG - 2025-04-24 10:37:16 --> Returned Crosstrain and Skilled data: Array
(
    [0] => Array
        (
            [id] => 2
            [crosstrain] => 5
            [skilled] => 15
        )

    [1] => Array
        (
            [id] => 4
            [crosstrain] => 5
            [skilled] => 15
        )

    [2] => Array
        (
            [id] => 29
            [crosstrain] => 3
            [skilled] => 3
        )

    [3] => Array
        (
            [id] => 39
            [crosstrain] => 10
            [skilled] => 10
        )

    [4] => Array
        (
            [id] => 40
            [crosstrain] => 5
            [skilled] => 5
        )

    [5] => Array
        (
            [id] => 44
            [crosstrain] => 3
            [skilled] => 3
        )

    [6] => Array
        (
            [id] => 45
            [crosstrain] => 12
            [skilled] => 2
        )

    [7] => Array
        (
            [id] => 48
            [crosstrain] => 44
            [skilled] => 44
        )

    [8] => Array
        (
            [id] => 49
            [crosstrain] => 1
            [skilled] => 1
        )

)

DEBUG - 2025-04-24 10:38:06 --> Session: Class initialized using 'CodeIgniter\Session\Handlers\FileHandler' driver.
DEBUG - 2025-04-24 10:38:06 --> Session: Class initialized using 'CodeIgniter\Session\Handlers\FileHandler' driver.
WARNING - 2025-04-24 10:38:06 --> [DEPRECATED] Creation of dynamic property App\Controllers\Inprocessc::$model is deprecated in APPPATH\Controllers\Inprocessc.php on line 11.
 1 SYSTEMPATH\CodeIgniter.php(903): App\Controllers\Inprocessc->__construct()
 2 SYSTEMPATH\CodeIgniter.php(498): CodeIgniter\CodeIgniter->createController()
 3 SYSTEMPATH\CodeIgniter.php(354): CodeIgniter\CodeIgniter->handleRequest(null, Object(Config\Cache), false)
 4 SYSTEMPATH\Boot.php(334): CodeIgniter\CodeIgniter->run()
 5 SYSTEMPATH\Boot.php(67): CodeIgniter\Boot::runCodeIgniter(Object(CodeIgniter\CodeIgniter))
 6 FCPATH\index.php(55): CodeIgniter\Boot::bootWeb(Object(Config\Paths))
DEBUG - 2025-04-24 10:38:06 --> SQL Query Result for duty 1: Array
(
    [0] => Array
        (
            [lname] => Roman
            [duty] => 1
            [id_shift] => 1
        )

    [1] => Array
        (
            [lname] => Romero
            [duty] => 1
            [id_shift] => 
        )

)

DEBUG - 2025-04-24 10:38:06 --> SQL Query Result for duty 2: Array
(
    [0] => Array
        (
            [lname] => Lopez
            [duty] => 2
            [id_shift] => 2
        )

    [1] => Array
        (
            [lname] => Ramirez
            [duty] => 2
            [id_shift] => 2
        )

)

DEBUG - 2025-04-24 10:38:06 --> Returning JSON Response: Array
(
    [wrong_insert] => Array
        (
            [0] => Array
                (
                    [lname] => Roman
                    [duty] => 1
                    [id_shift] => 1
                )

            [1] => Array
                (
                    [lname] => Romero
                    [duty] => 1
                    [id_shift] => 
                )

        )

    [not_fully_inserted] => Array
        (
            [0] => Array
                (
                    [lname] => Lopez
                    [duty] => 2
                    [id_shift] => 2
                )

            [1] => Array
                (
                    [lname] => Ramirez
                    [duty] => 2
                    [id_shift] => 2
                )

        )

)

DEBUG - 2025-04-24 10:38:06 --> Session: Class initialized using 'CodeIgniter\Session\Handlers\FileHandler' driver.
DEBUG - 2025-04-24 10:38:06 --> Session: Class initialized using 'CodeIgniter\Session\Handlers\FileHandler' driver.
DEBUG - 2025-04-24 10:38:06 --> Crosstrain and Skilled data: Array
(
    [0] => Array
        (
            [id] => 2
            [crosstrain] => 5
            [skilled] => 15
        )

    [1] => Array
        (
            [id] => 4
            [crosstrain] => 5
            [skilled] => 15
        )

    [2] => Array
        (
            [id] => 29
            [crosstrain] => 3
            [skilled] => 3
        )

    [3] => Array
        (
            [id] => 39
            [crosstrain] => 10
            [skilled] => 10
        )

    [4] => Array
        (
            [id] => 40
            [crosstrain] => 5
            [skilled] => 5
        )

    [5] => Array
        (
            [id] => 44
            [crosstrain] => 3
            [skilled] => 3
        )

    [6] => Array
        (
            [id] => 45
            [crosstrain] => 12
            [skilled] => 2
        )

    [7] => Array
        (
            [id] => 48
            [crosstrain] => 44
            [skilled] => 44
        )

    [8] => Array
        (
            [id] => 49
            [crosstrain] => 1
            [skilled] => 1
        )

)

DEBUG - 2025-04-24 10:38:06 --> Returned Crosstrain and Skilled data: Array
(
    [0] => Array
        (
            [id] => 2
            [crosstrain] => 5
            [skilled] => 15
        )

    [1] => Array
        (
            [id] => 4
            [crosstrain] => 5
            [skilled] => 15
        )

    [2] => Array
        (
            [id] => 29
            [crosstrain] => 3
            [skilled] => 3
        )

    [3] => Array
        (
            [id] => 39
            [crosstrain] => 10
            [skilled] => 10
        )

    [4] => Array
        (
            [id] => 40
            [crosstrain] => 5
            [skilled] => 5
        )

    [5] => Array
        (
            [id] => 44
            [crosstrain] => 3
            [skilled] => 3
        )

    [6] => Array
        (
            [id] => 45
            [crosstrain] => 12
            [skilled] => 2
        )

    [7] => Array
        (
            [id] => 48
            [crosstrain] => 44
            [skilled] => 44
        )

    [8] => Array
        (
            [id] => 49
            [crosstrain] => 1
            [skilled] => 1
        )

)

DEBUG - 2025-04-24 10:38:36 --> Session: Class initialized using 'CodeIgniter\Session\Handlers\FileHandler' driver.
DEBUG - 2025-04-24 10:38:37 --> Session: Class initialized using 'CodeIgniter\Session\Handlers\FileHandler' driver.
DEBUG - 2025-04-24 10:38:37 --> Session: Class initialized using 'CodeIgniter\Session\Handlers\FileHandler' driver.
WARNING - 2025-04-24 10:38:37 --> [DEPRECATED] Creation of dynamic property App\Controllers\Inprocessc::$model is deprecated in APPPATH\Controllers\Inprocessc.php on line 11.
 1 SYSTEMPATH\CodeIgniter.php(903): App\Controllers\Inprocessc->__construct()
 2 SYSTEMPATH\CodeIgniter.php(498): CodeIgniter\CodeIgniter->createController()
 3 SYSTEMPATH\CodeIgniter.php(354): CodeIgniter\CodeIgniter->handleRequest(null, Object(Config\Cache), false)
 4 SYSTEMPATH\Boot.php(334): CodeIgniter\CodeIgniter->run()
 5 SYSTEMPATH\Boot.php(67): CodeIgniter\Boot::runCodeIgniter(Object(CodeIgniter\CodeIgniter))
 6 FCPATH\index.php(55): CodeIgniter\Boot::bootWeb(Object(Config\Paths))
DEBUG - 2025-04-24 10:38:37 --> SQL Query Result for duty 1: Array
(
    [0] => Array
        (
            [lname] => Roman
            [duty] => 1
            [id_shift] => 1
        )

    [1] => Array
        (
            [lname] => Romero
            [duty] => 1
            [id_shift] => 
        )

)

DEBUG - 2025-04-24 10:38:37 --> SQL Query Result for duty 2: Array
(
    [0] => Array
        (
            [lname] => Lopez
            [duty] => 2
            [id_shift] => 2
        )

    [1] => Array
        (
            [lname] => Ramirez
            [duty] => 2
            [id_shift] => 2
        )

)

DEBUG - 2025-04-24 10:38:37 --> Returning JSON Response: Array
(
    [wrong_insert] => Array
        (
            [0] => Array
                (
                    [lname] => Roman
                    [duty] => 1
                    [id_shift] => 1
                )

            [1] => Array
                (
                    [lname] => Romero
                    [duty] => 1
                    [id_shift] => 
                )

        )

    [not_fully_inserted] => Array
        (
            [0] => Array
                (
                    [lname] => Lopez
                    [duty] => 2
                    [id_shift] => 2
                )

            [1] => Array
                (
                    [lname] => Ramirez
                    [duty] => 2
                    [id_shift] => 2
                )

        )

)

DEBUG - 2025-04-24 10:38:37 --> Session: Class initialized using 'CodeIgniter\Session\Handlers\FileHandler' driver.
DEBUG - 2025-04-24 10:38:37 --> Session: Class initialized using 'CodeIgniter\Session\Handlers\FileHandler' driver.
DEBUG - 2025-04-24 10:38:37 --> Session: Class initialized using 'CodeIgniter\Session\Handlers\FileHandler' driver.
DEBUG - 2025-04-24 10:38:37 --> Crosstrain and Skilled data: Array
(
    [0] => Array
        (
            [id] => 2
            [crosstrain] => 5
            [skilled] => 15
        )

    [1] => Array
        (
            [id] => 4
            [crosstrain] => 5
            [skilled] => 15
        )

    [2] => Array
        (
            [id] => 29
            [crosstrain] => 3
            [skilled] => 3
        )

    [3] => Array
        (
            [id] => 39
            [crosstrain] => 10
            [skilled] => 10
        )

    [4] => Array
        (
            [id] => 40
            [crosstrain] => 5
            [skilled] => 5
        )

    [5] => Array
        (
            [id] => 44
            [crosstrain] => 3
            [skilled] => 3
        )

    [6] => Array
        (
            [id] => 45
            [crosstrain] => 12
            [skilled] => 2
        )

    [7] => Array
        (
            [id] => 48
            [crosstrain] => 44
            [skilled] => 44
        )

    [8] => Array
        (
            [id] => 49
            [crosstrain] => 1
            [skilled] => 1
        )

)

DEBUG - 2025-04-24 10:38:37 --> Returned Crosstrain and Skilled data: Array
(
    [0] => Array
        (
            [id] => 2
            [crosstrain] => 5
            [skilled] => 15
        )

    [1] => Array
        (
            [id] => 4
            [crosstrain] => 5
            [skilled] => 15
        )

    [2] => Array
        (
            [id] => 29
            [crosstrain] => 3
            [skilled] => 3
        )

    [3] => Array
        (
            [id] => 39
            [crosstrain] => 10
            [skilled] => 10
        )

    [4] => Array
        (
            [id] => 40
            [crosstrain] => 5
            [skilled] => 5
        )

    [5] => Array
        (
            [id] => 44
            [crosstrain] => 3
            [skilled] => 3
        )

    [6] => Array
        (
            [id] => 45
            [crosstrain] => 12
            [skilled] => 2
        )

    [7] => Array
        (
            [id] => 48
            [crosstrain] => 44
            [skilled] => 44
        )

    [8] => Array
        (
            [id] => 49
            [crosstrain] => 1
            [skilled] => 1
        )

)

DEBUG - 2025-04-24 10:38:48 --> Session: Class initialized using 'CodeIgniter\Session\Handlers\FileHandler' driver.
DEBUG - 2025-04-24 10:38:48 --> Session: Class initialized using 'CodeIgniter\Session\Handlers\FileHandler' driver.
DEBUG - 2025-04-24 10:38:48 --> Session: Class initialized using 'CodeIgniter\Session\Handlers\FileHandler' driver.
DEBUG - 2025-04-24 10:38:48 --> Session: Class initialized using 'CodeIgniter\Session\Handlers\FileHandler' driver.
WARNING - 2025-04-24 10:38:48 --> [DEPRECATED] Creation of dynamic property App\Controllers\Inprocessc::$model is deprecated in APPPATH\Controllers\Inprocessc.php on line 11.
 1 SYSTEMPATH\CodeIgniter.php(903): App\Controllers\Inprocessc->__construct()
 2 SYSTEMPATH\CodeIgniter.php(498): CodeIgniter\CodeIgniter->createController()
 3 SYSTEMPATH\CodeIgniter.php(354): CodeIgniter\CodeIgniter->handleRequest(null, Object(Config\Cache), false)
 4 SYSTEMPATH\Boot.php(334): CodeIgniter\CodeIgniter->run()
 5 SYSTEMPATH\Boot.php(67): CodeIgniter\Boot::runCodeIgniter(Object(CodeIgniter\CodeIgniter))
 6 FCPATH\index.php(55): CodeIgniter\Boot::bootWeb(Object(Config\Paths))
DEBUG - 2025-04-24 10:38:48 --> SQL Query Result for duty 1: Array
(
    [0] => Array
        (
            [lname] => Roman
            [duty] => 1
            [id_shift] => 1
        )

    [1] => Array
        (
            [lname] => Romero
            [duty] => 1
            [id_shift] => 
        )

)

DEBUG - 2025-04-24 10:38:48 --> SQL Query Result for duty 2: Array
(
    [0] => Array
        (
            [lname] => Lopez
            [duty] => 2
            [id_shift] => 2
        )

    [1] => Array
        (
            [lname] => Ramirez
            [duty] => 2
            [id_shift] => 2
        )

)

DEBUG - 2025-04-24 10:38:48 --> Returning JSON Response: Array
(
    [wrong_insert] => Array
        (
            [0] => Array
                (
                    [lname] => Roman
                    [duty] => 1
                    [id_shift] => 1
                )

            [1] => Array
                (
                    [lname] => Romero
                    [duty] => 1
                    [id_shift] => 
                )

        )

    [not_fully_inserted] => Array
        (
            [0] => Array
                (
                    [lname] => Lopez
                    [duty] => 2
                    [id_shift] => 2
                )

            [1] => Array
                (
                    [lname] => Ramirez
                    [duty] => 2
                    [id_shift] => 2
                )

        )

)

DEBUG - 2025-04-24 10:38:48 --> Session: Class initialized using 'CodeIgniter\Session\Handlers\FileHandler' driver.
DEBUG - 2025-04-24 10:38:48 --> Session: Class initialized using 'CodeIgniter\Session\Handlers\FileHandler' driver.
DEBUG - 2025-04-24 10:38:48 --> Crosstrain and Skilled data: Array
(
    [0] => Array
        (
            [id] => 2
            [crosstrain] => 5
            [skilled] => 15
        )

    [1] => Array
        (
            [id] => 4
            [crosstrain] => 5
            [skilled] => 15
        )

    [2] => Array
        (
            [id] => 29
            [crosstrain] => 3
            [skilled] => 3
        )

    [3] => Array
        (
            [id] => 39
            [crosstrain] => 10
            [skilled] => 10
        )

    [4] => Array
        (
            [id] => 40
            [crosstrain] => 5
            [skilled] => 5
        )

    [5] => Array
        (
            [id] => 44
            [crosstrain] => 3
            [skilled] => 3
        )

    [6] => Array
        (
            [id] => 45
            [crosstrain] => 12
            [skilled] => 2
        )

    [7] => Array
        (
            [id] => 48
            [crosstrain] => 44
            [skilled] => 44
        )

    [8] => Array
        (
            [id] => 49
            [crosstrain] => 1
            [skilled] => 1
        )

)

DEBUG - 2025-04-24 10:38:48 --> Returned Crosstrain and Skilled data: Array
(
    [0] => Array
        (
            [id] => 2
            [crosstrain] => 5
            [skilled] => 15
        )

    [1] => Array
        (
            [id] => 4
            [crosstrain] => 5
            [skilled] => 15
        )

    [2] => Array
        (
            [id] => 29
            [crosstrain] => 3
            [skilled] => 3
        )

    [3] => Array
        (
            [id] => 39
            [crosstrain] => 10
            [skilled] => 10
        )

    [4] => Array
        (
            [id] => 40
            [crosstrain] => 5
            [skilled] => 5
        )

    [5] => Array
        (
            [id] => 44
            [crosstrain] => 3
            [skilled] => 3
        )

    [6] => Array
        (
            [id] => 45
            [crosstrain] => 12
            [skilled] => 2
        )

    [7] => Array
        (
            [id] => 48
            [crosstrain] => 44
            [skilled] => 44
        )

    [8] => Array
        (
            [id] => 49
            [crosstrain] => 1
            [skilled] => 1
        )

)

DEBUG - 2025-04-24 10:38:56 --> Session: Class initialized using 'CodeIgniter\Session\Handlers\FileHandler' driver.
DEBUG - 2025-04-24 10:38:57 --> Session: Class initialized using 'CodeIgniter\Session\Handlers\FileHandler' driver.
WARNING - 2025-04-24 10:38:57 --> [DEPRECATED] Creation of dynamic property App\Controllers\Inprocessc::$model is deprecated in APPPATH\Controllers\Inprocessc.php on line 11.
 1 SYSTEMPATH\CodeIgniter.php(903): App\Controllers\Inprocessc->__construct()
 2 SYSTEMPATH\CodeIgniter.php(498): CodeIgniter\CodeIgniter->createController()
 3 SYSTEMPATH\CodeIgniter.php(354): CodeIgniter\CodeIgniter->handleRequest(null, Object(Config\Cache), false)
 4 SYSTEMPATH\Boot.php(334): CodeIgniter\CodeIgniter->run()
 5 SYSTEMPATH\Boot.php(67): CodeIgniter\Boot::runCodeIgniter(Object(CodeIgniter\CodeIgniter))
 6 FCPATH\index.php(55): CodeIgniter\Boot::bootWeb(Object(Config\Paths))
DEBUG - 2025-04-24 10:38:57 --> SQL Query Result for duty 1: Array
(
    [0] => Array
        (
            [lname] => Roman
            [duty] => 1
            [id_shift] => 1
        )

    [1] => Array
        (
            [lname] => Romero
            [duty] => 1
            [id_shift] => 
        )

)

DEBUG - 2025-04-24 10:38:57 --> SQL Query Result for duty 2: Array
(
    [0] => Array
        (
            [lname] => Lopez
            [duty] => 2
            [id_shift] => 2
        )

    [1] => Array
        (
            [lname] => Ramirez
            [duty] => 2
            [id_shift] => 2
        )

)

DEBUG - 2025-04-24 10:38:57 --> Returning JSON Response: Array
(
    [wrong_insert] => Array
        (
            [0] => Array
                (
                    [lname] => Roman
                    [duty] => 1
                    [id_shift] => 1
                )

            [1] => Array
                (
                    [lname] => Romero
                    [duty] => 1
                    [id_shift] => 
                )

        )

    [not_fully_inserted] => Array
        (
            [0] => Array
                (
                    [lname] => Lopez
                    [duty] => 2
                    [id_shift] => 2
                )

            [1] => Array
                (
                    [lname] => Ramirez
                    [duty] => 2
                    [id_shift] => 2
                )

        )

)

DEBUG - 2025-04-24 10:38:57 --> Session: Class initialized using 'CodeIgniter\Session\Handlers\FileHandler' driver.
DEBUG - 2025-04-24 10:38:57 --> Session: Class initialized using 'CodeIgniter\Session\Handlers\FileHandler' driver.
DEBUG - 2025-04-24 10:38:57 --> Session: Class initialized using 'CodeIgniter\Session\Handlers\FileHandler' driver.
DEBUG - 2025-04-24 10:38:57 --> Session: Class initialized using 'CodeIgniter\Session\Handlers\FileHandler' driver.
DEBUG - 2025-04-24 10:38:57 --> Crosstrain and Skilled data: Array
(
    [0] => Array
        (
            [id] => 2
            [crosstrain] => 5
            [skilled] => 15
        )

    [1] => Array
        (
            [id] => 4
            [crosstrain] => 5
            [skilled] => 15
        )

    [2] => Array
        (
            [id] => 29
            [crosstrain] => 3
            [skilled] => 3
        )

    [3] => Array
        (
            [id] => 39
            [crosstrain] => 10
            [skilled] => 10
        )

    [4] => Array
        (
            [id] => 40
            [crosstrain] => 5
            [skilled] => 5
        )

    [5] => Array
        (
            [id] => 44
            [crosstrain] => 3
            [skilled] => 3
        )

    [6] => Array
        (
            [id] => 45
            [crosstrain] => 12
            [skilled] => 2
        )

    [7] => Array
        (
            [id] => 48
            [crosstrain] => 44
            [skilled] => 44
        )

    [8] => Array
        (
            [id] => 49
            [crosstrain] => 1
            [skilled] => 1
        )

)

DEBUG - 2025-04-24 10:38:57 --> Returned Crosstrain and Skilled data: Array
(
    [0] => Array
        (
            [id] => 2
            [crosstrain] => 5
            [skilled] => 15
        )

    [1] => Array
        (
            [id] => 4
            [crosstrain] => 5
            [skilled] => 15
        )

    [2] => Array
        (
            [id] => 29
            [crosstrain] => 3
            [skilled] => 3
        )

    [3] => Array
        (
            [id] => 39
            [crosstrain] => 10
            [skilled] => 10
        )

    [4] => Array
        (
            [id] => 40
            [crosstrain] => 5
            [skilled] => 5
        )

    [5] => Array
        (
            [id] => 44
            [crosstrain] => 3
            [skilled] => 3
        )

    [6] => Array
        (
            [id] => 45
            [crosstrain] => 12
            [skilled] => 2
        )

    [7] => Array
        (
            [id] => 48
            [crosstrain] => 44
            [skilled] => 44
        )

    [8] => Array
        (
            [id] => 49
            [crosstrain] => 1
            [skilled] => 1
        )

)

DEBUG - 2025-04-24 10:39:47 --> Session: Class initialized using 'CodeIgniter\Session\Handlers\FileHandler' driver.
DEBUG - 2025-04-24 10:39:47 --> Session: Class initialized using 'CodeIgniter\Session\Handlers\FileHandler' driver.
WARNING - 2025-04-24 10:39:47 --> [DEPRECATED] Creation of dynamic property App\Controllers\Inprocessc::$model is deprecated in APPPATH\Controllers\Inprocessc.php on line 11.
 1 SYSTEMPATH\CodeIgniter.php(903): App\Controllers\Inprocessc->__construct()
 2 SYSTEMPATH\CodeIgniter.php(498): CodeIgniter\CodeIgniter->createController()
 3 SYSTEMPATH\CodeIgniter.php(354): CodeIgniter\CodeIgniter->handleRequest(null, Object(Config\Cache), false)
 4 SYSTEMPATH\Boot.php(334): CodeIgniter\CodeIgniter->run()
 5 SYSTEMPATH\Boot.php(67): CodeIgniter\Boot::runCodeIgniter(Object(CodeIgniter\CodeIgniter))
 6 FCPATH\index.php(55): CodeIgniter\Boot::bootWeb(Object(Config\Paths))
DEBUG - 2025-04-24 10:39:47 --> SQL Query Result for duty 1: Array
(
    [0] => Array
        (
            [lname] => Roman
            [duty] => 1
            [id_shift] => 1
        )

    [1] => Array
        (
            [lname] => Romero
            [duty] => 1
            [id_shift] => 
        )

)

DEBUG - 2025-04-24 10:39:47 --> SQL Query Result for duty 2: Array
(
    [0] => Array
        (
            [lname] => Lopez
            [duty] => 2
            [id_shift] => 2
        )

    [1] => Array
        (
            [lname] => Ramirez
            [duty] => 2
            [id_shift] => 2
        )

)

DEBUG - 2025-04-24 10:39:47 --> Returning JSON Response: Array
(
    [wrong_insert] => Array
        (
            [0] => Array
                (
                    [lname] => Roman
                    [duty] => 1
                    [id_shift] => 1
                )

            [1] => Array
                (
                    [lname] => Romero
                    [duty] => 1
                    [id_shift] => 
                )

        )

    [not_fully_inserted] => Array
        (
            [0] => Array
                (
                    [lname] => Lopez
                    [duty] => 2
                    [id_shift] => 2
                )

            [1] => Array
                (
                    [lname] => Ramirez
                    [duty] => 2
                    [id_shift] => 2
                )

        )

)

DEBUG - 2025-04-24 10:39:47 --> Session: Class initialized using 'CodeIgniter\Session\Handlers\FileHandler' driver.
DEBUG - 2025-04-24 10:39:47 --> Session: Class initialized using 'CodeIgniter\Session\Handlers\FileHandler' driver.
DEBUG - 2025-04-24 10:39:47 --> Crosstrain and Skilled data: Array
(
    [0] => Array
        (
            [id] => 2
            [crosstrain] => 5
            [skilled] => 15
        )

    [1] => Array
        (
            [id] => 4
            [crosstrain] => 5
            [skilled] => 15
        )

    [2] => Array
        (
            [id] => 29
            [crosstrain] => 3
            [skilled] => 3
        )

    [3] => Array
        (
            [id] => 39
            [crosstrain] => 10
            [skilled] => 10
        )

    [4] => Array
        (
            [id] => 40
            [crosstrain] => 5
            [skilled] => 5
        )

    [5] => Array
        (
            [id] => 44
            [crosstrain] => 3
            [skilled] => 3
        )

    [6] => Array
        (
            [id] => 45
            [crosstrain] => 12
            [skilled] => 2
        )

    [7] => Array
        (
            [id] => 48
            [crosstrain] => 44
            [skilled] => 44
        )

    [8] => Array
        (
            [id] => 49
            [crosstrain] => 1
            [skilled] => 1
        )

)

DEBUG - 2025-04-24 10:39:47 --> Returned Crosstrain and Skilled data: Array
(
    [0] => Array
        (
            [id] => 2
            [crosstrain] => 5
            [skilled] => 15
        )

    [1] => Array
        (
            [id] => 4
            [crosstrain] => 5
            [skilled] => 15
        )

    [2] => Array
        (
            [id] => 29
            [crosstrain] => 3
            [skilled] => 3
        )

    [3] => Array
        (
            [id] => 39
            [crosstrain] => 10
            [skilled] => 10
        )

    [4] => Array
        (
            [id] => 40
            [crosstrain] => 5
            [skilled] => 5
        )

    [5] => Array
        (
            [id] => 44
            [crosstrain] => 3
            [skilled] => 3
        )

    [6] => Array
        (
            [id] => 45
            [crosstrain] => 12
            [skilled] => 2
        )

    [7] => Array
        (
            [id] => 48
            [crosstrain] => 44
            [skilled] => 44
        )

    [8] => Array
        (
            [id] => 49
            [crosstrain] => 1
            [skilled] => 1
        )

)

DEBUG - 2025-04-24 10:40:34 --> Session: Class initialized using 'CodeIgniter\Session\Handlers\FileHandler' driver.
DEBUG - 2025-04-24 10:40:35 --> Session: Class initialized using 'CodeIgniter\Session\Handlers\FileHandler' driver.
DEBUG - 2025-04-24 10:40:35 --> Session: Class initialized using 'CodeIgniter\Session\Handlers\FileHandler' driver.
DEBUG - 2025-04-24 10:40:35 --> Session: Class initialized using 'CodeIgniter\Session\Handlers\FileHandler' driver.
WARNING - 2025-04-24 10:40:35 --> [DEPRECATED] Creation of dynamic property App\Controllers\Inprocessc::$model is deprecated in APPPATH\Controllers\Inprocessc.php on line 11.
 1 SYSTEMPATH\CodeIgniter.php(903): App\Controllers\Inprocessc->__construct()
 2 SYSTEMPATH\CodeIgniter.php(498): CodeIgniter\CodeIgniter->createController()
 3 SYSTEMPATH\CodeIgniter.php(354): CodeIgniter\CodeIgniter->handleRequest(null, Object(Config\Cache), false)
 4 SYSTEMPATH\Boot.php(334): CodeIgniter\CodeIgniter->run()
 5 SYSTEMPATH\Boot.php(67): CodeIgniter\Boot::runCodeIgniter(Object(CodeIgniter\CodeIgniter))
 6 FCPATH\index.php(55): CodeIgniter\Boot::bootWeb(Object(Config\Paths))
DEBUG - 2025-04-24 10:40:35 --> SQL Query Result for duty 1: Array
(
    [0] => Array
        (
            [lname] => Roman
            [duty] => 1
            [id_shift] => 1
        )

    [1] => Array
        (
            [lname] => Romero
            [duty] => 1
            [id_shift] => 
        )

)

DEBUG - 2025-04-24 10:40:35 --> SQL Query Result for duty 2: Array
(
    [0] => Array
        (
            [lname] => Lopez
            [duty] => 2
            [id_shift] => 2
        )

    [1] => Array
        (
            [lname] => Ramirez
            [duty] => 2
            [id_shift] => 2
        )

)

DEBUG - 2025-04-24 10:40:35 --> Returning JSON Response: Array
(
    [wrong_insert] => Array
        (
            [0] => Array
                (
                    [lname] => Roman
                    [duty] => 1
                    [id_shift] => 1
                )

            [1] => Array
                (
                    [lname] => Romero
                    [duty] => 1
                    [id_shift] => 
                )

        )

    [not_fully_inserted] => Array
        (
            [0] => Array
                (
                    [lname] => Lopez
                    [duty] => 2
                    [id_shift] => 2
                )

            [1] => Array
                (
                    [lname] => Ramirez
                    [duty] => 2
                    [id_shift] => 2
                )

        )

)

DEBUG - 2025-04-24 10:40:35 --> Session: Class initialized using 'CodeIgniter\Session\Handlers\FileHandler' driver.
DEBUG - 2025-04-24 10:40:35 --> Session: Class initialized using 'CodeIgniter\Session\Handlers\FileHandler' driver.
DEBUG - 2025-04-24 10:40:35 --> Crosstrain and Skilled data: Array
(
    [0] => Array
        (
            [id] => 2
            [crosstrain] => 5
            [skilled] => 15
        )

    [1] => Array
        (
            [id] => 4
            [crosstrain] => 5
            [skilled] => 15
        )

    [2] => Array
        (
            [id] => 29
            [crosstrain] => 3
            [skilled] => 3
        )

    [3] => Array
        (
            [id] => 39
            [crosstrain] => 10
            [skilled] => 10
        )

    [4] => Array
        (
            [id] => 40
            [crosstrain] => 5
            [skilled] => 5
        )

    [5] => Array
        (
            [id] => 44
            [crosstrain] => 3
            [skilled] => 3
        )

    [6] => Array
        (
            [id] => 45
            [crosstrain] => 12
            [skilled] => 2
        )

    [7] => Array
        (
            [id] => 48
            [crosstrain] => 44
            [skilled] => 44
        )

    [8] => Array
        (
            [id] => 49
            [crosstrain] => 1
            [skilled] => 1
        )

)

DEBUG - 2025-04-24 10:40:35 --> Returned Crosstrain and Skilled data: Array
(
    [0] => Array
        (
            [id] => 2
            [crosstrain] => 5
            [skilled] => 15
        )

    [1] => Array
        (
            [id] => 4
            [crosstrain] => 5
            [skilled] => 15
        )

    [2] => Array
        (
            [id] => 29
            [crosstrain] => 3
            [skilled] => 3
        )

    [3] => Array
        (
            [id] => 39
            [crosstrain] => 10
            [skilled] => 10
        )

    [4] => Array
        (
            [id] => 40
            [crosstrain] => 5
            [skilled] => 5
        )

    [5] => Array
        (
            [id] => 44
            [crosstrain] => 3
            [skilled] => 3
        )

    [6] => Array
        (
            [id] => 45
            [crosstrain] => 12
            [skilled] => 2
        )

    [7] => Array
        (
            [id] => 48
            [crosstrain] => 44
            [skilled] => 44
        )

    [8] => Array
        (
            [id] => 49
            [crosstrain] => 1
            [skilled] => 1
        )

)

DEBUG - 2025-04-24 10:41:25 --> Session: Class initialized using 'CodeIgniter\Session\Handlers\FileHandler' driver.
WARNING - 2025-04-24 10:41:25 --> [DEPRECATED] Creation of dynamic property App\Controllers\Inprocessc::$model is deprecated in APPPATH\Controllers\Inprocessc.php on line 11.
 1 SYSTEMPATH\CodeIgniter.php(903): App\Controllers\Inprocessc->__construct()
 2 SYSTEMPATH\CodeIgniter.php(498): CodeIgniter\CodeIgniter->createController()
 3 SYSTEMPATH\CodeIgniter.php(354): CodeIgniter\CodeIgniter->handleRequest(null, Object(Config\Cache), false)
 4 SYSTEMPATH\Boot.php(334): CodeIgniter\CodeIgniter->run()
 5 SYSTEMPATH\Boot.php(67): CodeIgniter\Boot::runCodeIgniter(Object(CodeIgniter\CodeIgniter))
 6 FCPATH\index.php(55): CodeIgniter\Boot::bootWeb(Object(Config\Paths))
DEBUG - 2025-04-24 10:41:25 --> SQL Query Result for duty 1: Array
(
    [0] => Array
        (
            [lname] => Roman
            [duty] => 1
            [id_shift] => 1
        )

    [1] => Array
        (
            [lname] => Romero
            [duty] => 1
            [id_shift] => 
        )

)

DEBUG - 2025-04-24 10:41:25 --> SQL Query Result for duty 2: Array
(
    [0] => Array
        (
            [lname] => Lopez
            [duty] => 2
            [id_shift] => 2
        )

    [1] => Array
        (
            [lname] => Ramirez
            [duty] => 2
            [id_shift] => 2
        )

)

DEBUG - 2025-04-24 10:41:25 --> Returning JSON Response: Array
(
    [wrong_insert] => Array
        (
            [0] => Array
                (
                    [lname] => Roman
                    [duty] => 1
                    [id_shift] => 1
                )

            [1] => Array
                (
                    [lname] => Romero
                    [duty] => 1
                    [id_shift] => 
                )

        )

    [not_fully_inserted] => Array
        (
            [0] => Array
                (
                    [lname] => Lopez
                    [duty] => 2
                    [id_shift] => 2
                )

            [1] => Array
                (
                    [lname] => Ramirez
                    [duty] => 2
                    [id_shift] => 2
                )

        )

)

DEBUG - 2025-04-24 10:41:25 --> Session: Class initialized using 'CodeIgniter\Session\Handlers\FileHandler' driver.
DEBUG - 2025-04-24 10:41:25 --> Session: Class initialized using 'CodeIgniter\Session\Handlers\FileHandler' driver.
DEBUG - 2025-04-24 10:41:25 --> Session: Class initialized using 'CodeIgniter\Session\Handlers\FileHandler' driver.
DEBUG - 2025-04-24 10:41:25 --> Crosstrain and Skilled data: Array
(
    [0] => Array
        (
            [id] => 2
            [crosstrain] => 5
            [skilled] => 15
        )

    [1] => Array
        (
            [id] => 4
            [crosstrain] => 5
            [skilled] => 15
        )

    [2] => Array
        (
            [id] => 29
            [crosstrain] => 3
            [skilled] => 3
        )

    [3] => Array
        (
            [id] => 39
            [crosstrain] => 10
            [skilled] => 10
        )

    [4] => Array
        (
            [id] => 40
            [crosstrain] => 5
            [skilled] => 5
        )

    [5] => Array
        (
            [id] => 44
            [crosstrain] => 3
            [skilled] => 3
        )

    [6] => Array
        (
            [id] => 45
            [crosstrain] => 12
            [skilled] => 2
        )

    [7] => Array
        (
            [id] => 48
            [crosstrain] => 44
            [skilled] => 44
        )

    [8] => Array
        (
            [id] => 49
            [crosstrain] => 1
            [skilled] => 1
        )

)

DEBUG - 2025-04-24 10:41:25 --> Returned Crosstrain and Skilled data: Array
(
    [0] => Array
        (
            [id] => 2
            [crosstrain] => 5
            [skilled] => 15
        )

    [1] => Array
        (
            [id] => 4
            [crosstrain] => 5
            [skilled] => 15
        )

    [2] => Array
        (
            [id] => 29
            [crosstrain] => 3
            [skilled] => 3
        )

    [3] => Array
        (
            [id] => 39
            [crosstrain] => 10
            [skilled] => 10
        )

    [4] => Array
        (
            [id] => 40
            [crosstrain] => 5
            [skilled] => 5
        )

    [5] => Array
        (
            [id] => 44
            [crosstrain] => 3
            [skilled] => 3
        )

    [6] => Array
        (
            [id] => 45
            [crosstrain] => 12
            [skilled] => 2
        )

    [7] => Array
        (
            [id] => 48
            [crosstrain] => 44
            [skilled] => 44
        )

    [8] => Array
        (
            [id] => 49
            [crosstrain] => 1
            [skilled] => 1
        )

)

DEBUG - 2025-04-24 10:42:15 --> Session: Class initialized using 'CodeIgniter\Session\Handlers\FileHandler' driver.
DEBUG - 2025-04-24 10:42:15 --> Session: Class initialized using 'CodeIgniter\Session\Handlers\FileHandler' driver.
WARNING - 2025-04-24 10:42:15 --> [DEPRECATED] Creation of dynamic property App\Controllers\Inprocessc::$model is deprecated in APPPATH\Controllers\Inprocessc.php on line 11.
 1 SYSTEMPATH\CodeIgniter.php(903): App\Controllers\Inprocessc->__construct()
 2 SYSTEMPATH\CodeIgniter.php(498): CodeIgniter\CodeIgniter->createController()
 3 SYSTEMPATH\CodeIgniter.php(354): CodeIgniter\CodeIgniter->handleRequest(null, Object(Config\Cache), false)
 4 SYSTEMPATH\Boot.php(334): CodeIgniter\CodeIgniter->run()
 5 SYSTEMPATH\Boot.php(67): CodeIgniter\Boot::runCodeIgniter(Object(CodeIgniter\CodeIgniter))
 6 FCPATH\index.php(55): CodeIgniter\Boot::bootWeb(Object(Config\Paths))
DEBUG - 2025-04-24 10:42:15 --> SQL Query Result for duty 1: Array
(
    [0] => Array
        (
            [lname] => Roman
            [duty] => 1
            [id_shift] => 1
        )

    [1] => Array
        (
            [lname] => Romero
            [duty] => 1
            [id_shift] => 
        )

)

DEBUG - 2025-04-24 10:42:15 --> SQL Query Result for duty 2: Array
(
    [0] => Array
        (
            [lname] => Lopez
            [duty] => 2
            [id_shift] => 2
        )

    [1] => Array
        (
            [lname] => Ramirez
            [duty] => 2
            [id_shift] => 2
        )

)

DEBUG - 2025-04-24 10:42:15 --> Returning JSON Response: Array
(
    [wrong_insert] => Array
        (
            [0] => Array
                (
                    [lname] => Roman
                    [duty] => 1
                    [id_shift] => 1
                )

            [1] => Array
                (
                    [lname] => Romero
                    [duty] => 1
                    [id_shift] => 
                )

        )

    [not_fully_inserted] => Array
        (
            [0] => Array
                (
                    [lname] => Lopez
                    [duty] => 2
                    [id_shift] => 2
                )

            [1] => Array
                (
                    [lname] => Ramirez
                    [duty] => 2
                    [id_shift] => 2
                )

        )

)

DEBUG - 2025-04-24 10:42:15 --> Session: Class initialized using 'CodeIgniter\Session\Handlers\FileHandler' driver.
DEBUG - 2025-04-24 10:42:15 --> Session: Class initialized using 'CodeIgniter\Session\Handlers\FileHandler' driver.
DEBUG - 2025-04-24 10:42:15 --> Crosstrain and Skilled data: Array
(
    [0] => Array
        (
            [id] => 2
            [crosstrain] => 5
            [skilled] => 15
        )

    [1] => Array
        (
            [id] => 4
            [crosstrain] => 5
            [skilled] => 15
        )

    [2] => Array
        (
            [id] => 29
            [crosstrain] => 3
            [skilled] => 3
        )

    [3] => Array
        (
            [id] => 39
            [crosstrain] => 10
            [skilled] => 10
        )

    [4] => Array
        (
            [id] => 40
            [crosstrain] => 5
            [skilled] => 5
        )

    [5] => Array
        (
            [id] => 44
            [crosstrain] => 3
            [skilled] => 3
        )

    [6] => Array
        (
            [id] => 45
            [crosstrain] => 12
            [skilled] => 2
        )

    [7] => Array
        (
            [id] => 48
            [crosstrain] => 44
            [skilled] => 44
        )

    [8] => Array
        (
            [id] => 49
            [crosstrain] => 1
            [skilled] => 1
        )

)

DEBUG - 2025-04-24 10:42:15 --> Returned Crosstrain and Skilled data: Array
(
    [0] => Array
        (
            [id] => 2
            [crosstrain] => 5
            [skilled] => 15
        )

    [1] => Array
        (
            [id] => 4
            [crosstrain] => 5
            [skilled] => 15
        )

    [2] => Array
        (
            [id] => 29
            [crosstrain] => 3
            [skilled] => 3
        )

    [3] => Array
        (
            [id] => 39
            [crosstrain] => 10
            [skilled] => 10
        )

    [4] => Array
        (
            [id] => 40
            [crosstrain] => 5
            [skilled] => 5
        )

    [5] => Array
        (
            [id] => 44
            [crosstrain] => 3
            [skilled] => 3
        )

    [6] => Array
        (
            [id] => 45
            [crosstrain] => 12
            [skilled] => 2
        )

    [7] => Array
        (
            [id] => 48
            [crosstrain] => 44
            [skilled] => 44
        )

    [8] => Array
        (
            [id] => 49
            [crosstrain] => 1
            [skilled] => 1
        )

)

DEBUG - 2025-04-24 10:42:44 --> Session: Class initialized using 'CodeIgniter\Session\Handlers\FileHandler' driver.
DEBUG - 2025-04-24 10:42:44 --> Session: Class initialized using 'CodeIgniter\Session\Handlers\FileHandler' driver.
DEBUG - 2025-04-24 10:42:44 --> Session: Class initialized using 'CodeIgniter\Session\Handlers\FileHandler' driver.
DEBUG - 2025-04-24 10:42:44 --> Session: Class initialized using 'CodeIgniter\Session\Handlers\FileHandler' driver.
DEBUG - 2025-04-24 10:42:44 --> Session: Class initialized using 'CodeIgniter\Session\Handlers\FileHandler' driver.
WARNING - 2025-04-24 10:42:44 --> [DEPRECATED] Creation of dynamic property App\Controllers\Inprocessc::$model is deprecated in APPPATH\Controllers\Inprocessc.php on line 11.
 1 SYSTEMPATH\CodeIgniter.php(903): App\Controllers\Inprocessc->__construct()
 2 SYSTEMPATH\CodeIgniter.php(498): CodeIgniter\CodeIgniter->createController()
 3 SYSTEMPATH\CodeIgniter.php(354): CodeIgniter\CodeIgniter->handleRequest(null, Object(Config\Cache), false)
 4 SYSTEMPATH\Boot.php(334): CodeIgniter\CodeIgniter->run()
 5 SYSTEMPATH\Boot.php(67): CodeIgniter\Boot::runCodeIgniter(Object(CodeIgniter\CodeIgniter))
 6 FCPATH\index.php(55): CodeIgniter\Boot::bootWeb(Object(Config\Paths))
DEBUG - 2025-04-24 10:42:44 --> SQL Query Result for duty 1: Array
(
    [0] => Array
        (
            [lname] => Roman
            [duty] => 1
            [id_shift] => 1
        )

    [1] => Array
        (
            [lname] => Romero
            [duty] => 1
            [id_shift] => 
        )

)

DEBUG - 2025-04-24 10:42:44 --> SQL Query Result for duty 2: Array
(
    [0] => Array
        (
            [lname] => Lopez
            [duty] => 2
            [id_shift] => 2
        )

    [1] => Array
        (
            [lname] => Ramirez
            [duty] => 2
            [id_shift] => 2
        )

)

DEBUG - 2025-04-24 10:42:44 --> Returning JSON Response: Array
(
    [wrong_insert] => Array
        (
            [0] => Array
                (
                    [lname] => Roman
                    [duty] => 1
                    [id_shift] => 1
                )

            [1] => Array
                (
                    [lname] => Romero
                    [duty] => 1
                    [id_shift] => 
                )

        )

    [not_fully_inserted] => Array
        (
            [0] => Array
                (
                    [lname] => Lopez
                    [duty] => 2
                    [id_shift] => 2
                )

            [1] => Array
                (
                    [lname] => Ramirez
                    [duty] => 2
                    [id_shift] => 2
                )

        )

)

DEBUG - 2025-04-24 10:42:44 --> Session: Class initialized using 'CodeIgniter\Session\Handlers\FileHandler' driver.
DEBUG - 2025-04-24 10:42:45 --> Crosstrain and Skilled data: Array
(
    [0] => Array
        (
            [id] => 2
            [crosstrain] => 5
            [skilled] => 15
        )

    [1] => Array
        (
            [id] => 4
            [crosstrain] => 5
            [skilled] => 15
        )

    [2] => Array
        (
            [id] => 29
            [crosstrain] => 3
            [skilled] => 3
        )

    [3] => Array
        (
            [id] => 39
            [crosstrain] => 10
            [skilled] => 10
        )

    [4] => Array
        (
            [id] => 40
            [crosstrain] => 5
            [skilled] => 5
        )

    [5] => Array
        (
            [id] => 44
            [crosstrain] => 3
            [skilled] => 3
        )

    [6] => Array
        (
            [id] => 45
            [crosstrain] => 12
            [skilled] => 2
        )

    [7] => Array
        (
            [id] => 48
            [crosstrain] => 44
            [skilled] => 44
        )

    [8] => Array
        (
            [id] => 49
            [crosstrain] => 1
            [skilled] => 1
        )

)

DEBUG - 2025-04-24 10:42:45 --> Returned Crosstrain and Skilled data: Array
(
    [0] => Array
        (
            [id] => 2
            [crosstrain] => 5
            [skilled] => 15
        )

    [1] => Array
        (
            [id] => 4
            [crosstrain] => 5
            [skilled] => 15
        )

    [2] => Array
        (
            [id] => 29
            [crosstrain] => 3
            [skilled] => 3
        )

    [3] => Array
        (
            [id] => 39
            [crosstrain] => 10
            [skilled] => 10
        )

    [4] => Array
        (
            [id] => 40
            [crosstrain] => 5
            [skilled] => 5
        )

    [5] => Array
        (
            [id] => 44
            [crosstrain] => 3
            [skilled] => 3
        )

    [6] => Array
        (
            [id] => 45
            [crosstrain] => 12
            [skilled] => 2
        )

    [7] => Array
        (
            [id] => 48
            [crosstrain] => 44
            [skilled] => 44
        )

    [8] => Array
        (
            [id] => 49
            [crosstrain] => 1
            [skilled] => 1
        )

)

DEBUG - 2025-04-24 10:42:57 --> Session: Class initialized using 'CodeIgniter\Session\Handlers\FileHandler' driver.
DEBUG - 2025-04-24 10:42:57 --> Session: Class initialized using 'CodeIgniter\Session\Handlers\FileHandler' driver.
DEBUG - 2025-04-24 10:42:57 --> Session: Class initialized using 'CodeIgniter\Session\Handlers\FileHandler' driver.
DEBUG - 2025-04-24 10:42:57 --> Session: Class initialized using 'CodeIgniter\Session\Handlers\FileHandler' driver.
WARNING - 2025-04-24 10:42:57 --> [DEPRECATED] Creation of dynamic property App\Controllers\Inprocessc::$model is deprecated in APPPATH\Controllers\Inprocessc.php on line 11.
 1 SYSTEMPATH\CodeIgniter.php(903): App\Controllers\Inprocessc->__construct()
 2 SYSTEMPATH\CodeIgniter.php(498): CodeIgniter\CodeIgniter->createController()
 3 SYSTEMPATH\CodeIgniter.php(354): CodeIgniter\CodeIgniter->handleRequest(null, Object(Config\Cache), false)
 4 SYSTEMPATH\Boot.php(334): CodeIgniter\CodeIgniter->run()
 5 SYSTEMPATH\Boot.php(67): CodeIgniter\Boot::runCodeIgniter(Object(CodeIgniter\CodeIgniter))
 6 FCPATH\index.php(55): CodeIgniter\Boot::bootWeb(Object(Config\Paths))
DEBUG - 2025-04-24 10:42:57 --> SQL Query Result for duty 1: Array
(
    [0] => Array
        (
            [lname] => Roman
            [duty] => 1
            [id_shift] => 1
        )

    [1] => Array
        (
            [lname] => Romero
            [duty] => 1
            [id_shift] => 
        )

)

DEBUG - 2025-04-24 10:42:57 --> SQL Query Result for duty 2: Array
(
    [0] => Array
        (
            [lname] => Lopez
            [duty] => 2
            [id_shift] => 2
        )

    [1] => Array
        (
            [lname] => Ramirez
            [duty] => 2
            [id_shift] => 2
        )

)

DEBUG - 2025-04-24 10:42:57 --> Returning JSON Response: Array
(
    [wrong_insert] => Array
        (
            [0] => Array
                (
                    [lname] => Roman
                    [duty] => 1
                    [id_shift] => 1
                )

            [1] => Array
                (
                    [lname] => Romero
                    [duty] => 1
                    [id_shift] => 
                )

        )

    [not_fully_inserted] => Array
        (
            [0] => Array
                (
                    [lname] => Lopez
                    [duty] => 2
                    [id_shift] => 2
                )

            [1] => Array
                (
                    [lname] => Ramirez
                    [duty] => 2
                    [id_shift] => 2
                )

        )

)

DEBUG - 2025-04-24 10:42:57 --> Session: Class initialized using 'CodeIgniter\Session\Handlers\FileHandler' driver.
DEBUG - 2025-04-24 10:42:57 --> Session: Class initialized using 'CodeIgniter\Session\Handlers\FileHandler' driver.
DEBUG - 2025-04-24 10:42:57 --> Crosstrain and Skilled data: Array
(
    [0] => Array
        (
            [id] => 2
            [crosstrain] => 5
            [skilled] => 15
        )

    [1] => Array
        (
            [id] => 4
            [crosstrain] => 5
            [skilled] => 15
        )

    [2] => Array
        (
            [id] => 29
            [crosstrain] => 3
            [skilled] => 3
        )

    [3] => Array
        (
            [id] => 39
            [crosstrain] => 10
            [skilled] => 10
        )

    [4] => Array
        (
            [id] => 40
            [crosstrain] => 5
            [skilled] => 5
        )

    [5] => Array
        (
            [id] => 44
            [crosstrain] => 3
            [skilled] => 3
        )

    [6] => Array
        (
            [id] => 45
            [crosstrain] => 12
            [skilled] => 2
        )

    [7] => Array
        (
            [id] => 48
            [crosstrain] => 44
            [skilled] => 44
        )

    [8] => Array
        (
            [id] => 49
            [crosstrain] => 1
            [skilled] => 1
        )

)

DEBUG - 2025-04-24 10:42:57 --> Returned Crosstrain and Skilled data: Array
(
    [0] => Array
        (
            [id] => 2
            [crosstrain] => 5
            [skilled] => 15
        )

    [1] => Array
        (
            [id] => 4
            [crosstrain] => 5
            [skilled] => 15
        )

    [2] => Array
        (
            [id] => 29
            [crosstrain] => 3
            [skilled] => 3
        )

    [3] => Array
        (
            [id] => 39
            [crosstrain] => 10
            [skilled] => 10
        )

    [4] => Array
        (
            [id] => 40
            [crosstrain] => 5
            [skilled] => 5
        )

    [5] => Array
        (
            [id] => 44
            [crosstrain] => 3
            [skilled] => 3
        )

    [6] => Array
        (
            [id] => 45
            [crosstrain] => 12
            [skilled] => 2
        )

    [7] => Array
        (
            [id] => 48
            [crosstrain] => 44
            [skilled] => 44
        )

    [8] => Array
        (
            [id] => 49
            [crosstrain] => 1
            [skilled] => 1
        )

)

