CRITICAL - 2025-03-12 00:00:06 --> ParseError: syntax error, unexpected token ".", expecting "{"
[Method: GET, Route: dailyattendancec]
in APPPATH\Controllers\dailyattendancec.php on line 7.
 1 SYSTEMPATH\Autoloader\Autoloader.php(295): CodeIgniter\Autoloader\Autoloader->includeFile('C:\\xampp\\htdocs\\steering\\app\\Controllers\\dailyattendancec.php')
 2 SYSTEMPATH\Autoloader\Autoloader.php(271): CodeIgniter\Autoloader\Autoloader->loadInNamespace('App\\Controllers\\dailyattendancec')
 3 [internal function]: CodeIgniter\Autoloader\Autoloader->loadClass('App\\Controllers\\dailyattendancec')
 4 SYSTEMPATH\CodeIgniter.php(885): class_exists('\\App\\Controllers\\dailyattendancec', true)
 5 SYSTEMPATH\CodeIgniter.php(494): CodeIgniter\CodeIgniter->startController()
 6 SYSTEMPATH\CodeIgniter.php(354): CodeIgniter\CodeIgniter->handleRequest(null, Object(Config\Cache), false)
 7 SYSTEMPATH\Boot.php(334): CodeIgniter\CodeIgniter->run()
 8 SYSTEMPATH\Boot.php(67): CodeIgniter\Boot::runCodeIgniter(Object(CodeIgniter\CodeIgniter))
 9 FCPATH\index.php(55): CodeIgniter\Boot::bootWeb(Object(Config\Paths))
CRITICAL - 2025-03-12 00:00:08 --> ParseError: syntax error, unexpected token ".", expecting "{"
[Method: GET, Route: dailyattendancec]
in APPPATH\Controllers\dailyattendancec.php on line 7.
 1 SYSTEMPATH\Autoloader\Autoloader.php(295): CodeIgniter\Autoloader\Autoloader->includeFile('C:\\xampp\\htdocs\\steering\\app\\Controllers\\dailyattendancec.php')
 2 SYSTEMPATH\Autoloader\Autoloader.php(271): CodeIgniter\Autoloader\Autoloader->loadInNamespace('App\\Controllers\\dailyattendancec')
 3 [internal function]: CodeIgniter\Autoloader\Autoloader->loadClass('App\\Controllers\\dailyattendancec')
 4 SYSTEMPATH\CodeIgniter.php(885): class_exists('\\App\\Controllers\\dailyattendancec', true)
 5 SYSTEMPATH\CodeIgniter.php(494): CodeIgniter\CodeIgniter->startController()
 6 SYSTEMPATH\CodeIgniter.php(354): CodeIgniter\CodeIgniter->handleRequest(null, Object(Config\Cache), false)
 7 SYSTEMPATH\Boot.php(334): CodeIgniter\CodeIgniter->run()
 8 SYSTEMPATH\Boot.php(67): CodeIgniter\Boot::runCodeIgniter(Object(CodeIgniter\CodeIgniter))
 9 FCPATH\index.php(55): CodeIgniter\Boot::bootWeb(Object(Config\Paths))
CRITICAL - 2025-03-12 00:02:05 --> ParseError: syntax error, unexpected identifier "z", expecting "function" or "const"
[Method: GET, Route: dailyattendancec]
in APPPATH\Models\Dailyattendancem.php on line 8.
 1 SYSTEMPATH\Autoloader\Autoloader.php(295): CodeIgniter\Autoloader\Autoloader->includeFile('C:\\xampp\\htdocs\\steering\\app\\Models\\Dailyattendancem.php')
 2 SYSTEMPATH\Autoloader\Autoloader.php(271): CodeIgniter\Autoloader\Autoloader->loadInNamespace('App\\Models\\Dailyattendancem')
 3 APPPATH\Controllers\Dailyattendancec.php(14): CodeIgniter\Autoloader\Autoloader->loadClass('App\\Models\\Dailyattendancem')
 4 SYSTEMPATH\CodeIgniter.php(903): App\Controllers\Dailyattendancec->__construct()
 5 SYSTEMPATH\CodeIgniter.php(498): CodeIgniter\CodeIgniter->createController()
 6 SYSTEMPATH\CodeIgniter.php(354): CodeIgniter\CodeIgniter->handleRequest(null, Object(Config\Cache), false)
 7 SYSTEMPATH\Boot.php(334): CodeIgniter\CodeIgniter->run()
 8 SYSTEMPATH\Boot.php(67): CodeIgniter\Boot::runCodeIgniter(Object(CodeIgniter\CodeIgniter))
 9 FCPATH\index.php(55): CodeIgniter\Boot::bootWeb(Object(Config\Paths))
CRITICAL - 2025-03-12 00:02:06 --> ParseError: syntax error, unexpected identifier "z", expecting "function" or "const"
[Method: GET, Route: dailyattendancec]
in APPPATH\Models\Dailyattendancem.php on line 8.
 1 SYSTEMPATH\Autoloader\Autoloader.php(295): CodeIgniter\Autoloader\Autoloader->includeFile('C:\\xampp\\htdocs\\steering\\app\\Models\\Dailyattendancem.php')
 2 SYSTEMPATH\Autoloader\Autoloader.php(271): CodeIgniter\Autoloader\Autoloader->loadInNamespace('App\\Models\\Dailyattendancem')
 3 APPPATH\Controllers\Dailyattendancec.php(14): CodeIgniter\Autoloader\Autoloader->loadClass('App\\Models\\Dailyattendancem')
 4 SYSTEMPATH\CodeIgniter.php(903): App\Controllers\Dailyattendancec->__construct()
 5 SYSTEMPATH\CodeIgniter.php(498): CodeIgniter\CodeIgniter->createController()
 6 SYSTEMPATH\CodeIgniter.php(354): CodeIgniter\CodeIgniter->handleRequest(null, Object(Config\Cache), false)
 7 SYSTEMPATH\Boot.php(334): CodeIgniter\CodeIgniter->run()
 8 SYSTEMPATH\Boot.php(67): CodeIgniter\Boot::runCodeIgniter(Object(CodeIgniter\CodeIgniter))
 9 FCPATH\index.php(55): CodeIgniter\Boot::bootWeb(Object(Config\Paths))
CRITICAL - 2025-03-12 00:02:12 --> ParseError: syntax error, unexpected identifier "z", expecting "function" or "const"
[Method: GET, Route: dailyattendancec]
in APPPATH\Models\Dailyattendancem.php on line 8.
 1 SYSTEMPATH\Autoloader\Autoloader.php(295): CodeIgniter\Autoloader\Autoloader->includeFile('C:\\xampp\\htdocs\\steering\\app\\Models\\Dailyattendancem.php')
 2 SYSTEMPATH\Autoloader\Autoloader.php(271): CodeIgniter\Autoloader\Autoloader->loadInNamespace('App\\Models\\Dailyattendancem')
 3 APPPATH\Controllers\Dailyattendancec.php(14): CodeIgniter\Autoloader\Autoloader->loadClass('App\\Models\\Dailyattendancem')
 4 SYSTEMPATH\CodeIgniter.php(903): App\Controllers\Dailyattendancec->__construct()
 5 SYSTEMPATH\CodeIgniter.php(498): CodeIgniter\CodeIgniter->createController()
 6 SYSTEMPATH\CodeIgniter.php(354): CodeIgniter\CodeIgniter->handleRequest(null, Object(Config\Cache), false)
 7 SYSTEMPATH\Boot.php(334): CodeIgniter\CodeIgniter->run()
 8 SYSTEMPATH\Boot.php(67): CodeIgniter\Boot::runCodeIgniter(Object(CodeIgniter\CodeIgniter))
 9 FCPATH\index.php(55): CodeIgniter\Boot::bootWeb(Object(Config\Paths))
CRITICAL - 2025-03-12 00:02:33 --> ParseError: syntax error, unexpected identifier "z", expecting "function" or "const"
[Method: GET, Route: dailyattendancec]
in APPPATH\Models\Dailyattendancem.php on line 8.
 1 SYSTEMPATH\Autoloader\Autoloader.php(295): CodeIgniter\Autoloader\Autoloader->includeFile('C:\\xampp\\htdocs\\steering\\app\\Models\\Dailyattendancem.php')
 2 SYSTEMPATH\Autoloader\Autoloader.php(271): CodeIgniter\Autoloader\Autoloader->loadInNamespace('App\\Models\\Dailyattendancem')
 3 APPPATH\Controllers\Dailyattendancec.php(14): CodeIgniter\Autoloader\Autoloader->loadClass('App\\Models\\Dailyattendancem')
 4 SYSTEMPATH\CodeIgniter.php(903): App\Controllers\Dailyattendancec->__construct()
 5 SYSTEMPATH\CodeIgniter.php(498): CodeIgniter\CodeIgniter->createController()
 6 SYSTEMPATH\CodeIgniter.php(354): CodeIgniter\CodeIgniter->handleRequest(null, Object(Config\Cache), false)
 7 SYSTEMPATH\Boot.php(334): CodeIgniter\CodeIgniter->run()
 8 SYSTEMPATH\Boot.php(67): CodeIgniter\Boot::runCodeIgniter(Object(CodeIgniter\CodeIgniter))
 9 FCPATH\index.php(55): CodeIgniter\Boot::bootWeb(Object(Config\Paths))
CRITICAL - 2025-03-12 00:02:49 --> ParseError: syntax error, unexpected identifier "z", expecting "function" or "const"
[Method: GET, Route: dailyattendancec]
in APPPATH\Models\Dailyattendancem.php on line 8.
 1 SYSTEMPATH\Autoloader\Autoloader.php(295): CodeIgniter\Autoloader\Autoloader->includeFile('C:\\xampp\\htdocs\\steering\\app\\Models\\Dailyattendancem.php')
 2 SYSTEMPATH\Autoloader\Autoloader.php(271): CodeIgniter\Autoloader\Autoloader->loadInNamespace('App\\Models\\Dailyattendancem')
 3 APPPATH\Controllers\Dailyattendancec.php(14): CodeIgniter\Autoloader\Autoloader->loadClass('App\\Models\\Dailyattendancem')
 4 SYSTEMPATH\CodeIgniter.php(903): App\Controllers\Dailyattendancec->__construct()
 5 SYSTEMPATH\CodeIgniter.php(498): CodeIgniter\CodeIgniter->createController()
 6 SYSTEMPATH\CodeIgniter.php(354): CodeIgniter\CodeIgniter->handleRequest(null, Object(Config\Cache), false)
 7 SYSTEMPATH\Boot.php(334): CodeIgniter\CodeIgniter->run()
 8 SYSTEMPATH\Boot.php(67): CodeIgniter\Boot::runCodeIgniter(Object(CodeIgniter\CodeIgniter))
 9 FCPATH\index.php(55): CodeIgniter\Boot::bootWeb(Object(Config\Paths))
