DEBUG - 2025-05-15 22:25:35 --> Session: Class initialized using 'CodeIgniter\Session\Handlers\FileHandler' driver.
WARNING - 2025-05-15 22:25:35 --> [DEPRECATED] Creation of dynamic property App\Controllers\Dashboard::$db is deprecated in APPPATH\Controllers\Dashboard.php on line 18.
 1 SYSTEMPATH\CodeIgniter.php(903): App\Controllers\Dashboard->__construct()
 2 SYSTEMPATH\CodeIgniter.php(498): CodeIgniter\CodeIgniter->createController()
 3 SYSTEMPATH\CodeIgniter.php(354): CodeIgniter\CodeIgniter->handleRequest(null, Object(Config\Cache), false)
 4 SYSTEMPATH\Boot.php(334): CodeIgniter\CodeIgniter->run()
 5 SYSTEMPATH\Boot.php(67): CodeIgniter\Boot::runCodeIgniter(Object(CodeIgniter\CodeIgniter))
 6 FCPATH\index.php(55): CodeIgniter\Boot::bootWeb(Object(Config\Paths))
DEBUG - 2025-05-15 22:25:35 --> Session: Class initialized using 'CodeIgniter\Session\Handlers\FileHandler' driver.
DEBUG - 2025-05-15 22:25:35 --> Session: Class initialized using 'CodeIgniter\Session\Handlers\FileHandler' driver.
DEBUG - 2025-05-15 22:25:35 --> Session: Class initialized using 'CodeIgniter\Session\Handlers\FileHandler' driver.
WARNING - 2025-05-15 22:25:35 --> [DEPRECATED] Creation of dynamic property App\Controllers\Inprocessc::$model is deprecated in APPPATH\Controllers\Inprocessc.php on line 11.
 1 SYSTEMPATH\CodeIgniter.php(903): App\Controllers\Inprocessc->__construct()
 2 SYSTEMPATH\CodeIgniter.php(498): CodeIgniter\CodeIgniter->createController()
 3 SYSTEMPATH\CodeIgniter.php(354): CodeIgniter\CodeIgniter->handleRequest(null, Object(Config\Cache), false)
 4 SYSTEMPATH\Boot.php(334): CodeIgniter\CodeIgniter->run()
 5 SYSTEMPATH\Boot.php(67): CodeIgniter\Boot::runCodeIgniter(Object(CodeIgniter\CodeIgniter))
 6 FCPATH\index.php(55): CodeIgniter\Boot::bootWeb(Object(Config\Paths))
DEBUG - 2025-05-15 22:25:35 --> SQL Query Result for duty 1: Array
(
    [0] => Array
        (
            [lname] => Canta
            [duty] => 1
            [id_shift] => 0
        )

    [1] => Array
        (
            [lname] => Balde
            [duty] => 1
            [id_shift] => 0
        )

    [2] => Array
        (
            [lname] => Ballozos
            [duty] => 1
            [id_shift] => 0
        )

    [3] => Array
        (
            [lname] => Agdoro
            [duty] => 1
            [id_shift] => 0
        )

    [4] => Array
        (
            [lname] => Cas
            [duty] => 1
            [id_shift] => 0
        )

    [5] => Array
        (
            [lname] => Cambal
            [duty] => 1
            [id_shift] => 0
        )

    [6] => Array
        (
            [lname] => Camara
            [duty] => 1
            [id_shift] => 0
        )

    [7] => Array
        (
            [lname] => Camos
            [duty] => 1
            [id_shift] => 0
        )

)

DEBUG - 2025-05-15 22:25:35 --> SQL Query Result for duty 2: Array
(
    [0] => Array
        (
            [lname] => Burgos
            [duty] => 2
            [id_shift] => 0
        )

    [1] => Array
        (
            [lname] => Castillo
            [duty] => 2
            [id_shift] => 0
        )

    [2] => Array
        (
            [lname] => Brotonel
            [duty] => 2
            [id_shift] => 0
        )

    [3] => Array
        (
            [lname] => Belga
            [duty] => 2
            [id_shift] => 0
        )

    [4] => Array
        (
            [lname] => Barnedo
            [duty] => 2
            [id_shift] => 0
        )

    [5] => Array
        (
            [lname] => Carlom
            [duty] => 2
            [id_shift] => 0
        )

    [6] => Array
        (
            [lname] => Albania
            [duty] => 2
            [id_shift] => 0
        )

)

DEBUG - 2025-05-15 22:25:35 --> Returning JSON Response: Array
(
    [wrong_insert] => Array
        (
            [0] => Array
                (
                    [lname] => Canta
                    [duty] => 1
                    [id_shift] => 0
                )

            [1] => Array
                (
                    [lname] => Balde
                    [duty] => 1
                    [id_shift] => 0
                )

            [2] => Array
                (
                    [lname] => Ballozos
                    [duty] => 1
                    [id_shift] => 0
                )

            [3] => Array
                (
                    [lname] => Agdoro
                    [duty] => 1
                    [id_shift] => 0
                )

            [4] => Array
                (
                    [lname] => Cas
                    [duty] => 1
                    [id_shift] => 0
                )

            [5] => Array
                (
                    [lname] => Cambal
                    [duty] => 1
                    [id_shift] => 0
                )

            [6] => Array
                (
                    [lname] => Camara
                    [duty] => 1
                    [id_shift] => 0
                )

            [7] => Array
                (
                    [lname] => Camos
                    [duty] => 1
                    [id_shift] => 0
                )

        )

    [not_fully_inserted] => Array
        (
            [0] => Array
                (
                    [lname] => Burgos
                    [duty] => 2
                    [id_shift] => 0
                )

            [1] => Array
                (
                    [lname] => Castillo
                    [duty] => 2
                    [id_shift] => 0
                )

            [2] => Array
                (
                    [lname] => Brotonel
                    [duty] => 2
                    [id_shift] => 0
                )

            [3] => Array
                (
                    [lname] => Belga
                    [duty] => 2
                    [id_shift] => 0
                )

            [4] => Array
                (
                    [lname] => Barnedo
                    [duty] => 2
                    [id_shift] => 0
                )

            [5] => Array
                (
                    [lname] => Carlom
                    [duty] => 2
                    [id_shift] => 0
                )

            [6] => Array
                (
                    [lname] => Albania
                    [duty] => 2
                    [id_shift] => 0
                )

        )

)

DEBUG - 2025-05-15 22:25:35 --> Session: Class initialized using 'CodeIgniter\Session\Handlers\FileHandler' driver.
DEBUG - 2025-05-15 22:25:35 --> Session: Class initialized using 'CodeIgniter\Session\Handlers\FileHandler' driver.
DEBUG - 2025-05-15 22:25:35 --> Session: Class initialized using 'CodeIgniter\Session\Handlers\FileHandler' driver.
DEBUG - 2025-05-15 22:25:35 --> Session: Class initialized using 'CodeIgniter\Session\Handlers\FileHandler' driver.
DEBUG - 2025-05-15 22:25:35 --> Crosstrain and Skilled data: Array
(
    [0] => Array
        (
            [id] => 29
            [crosstrain] => 0
            [skilled] => 3
        )

    [1] => Array
        (
            [id] => 39
            [crosstrain] => 0
            [skilled] => 4
        )

    [2] => Array
        (
            [id] => 50
            [crosstrain] => 0
            [skilled] => 1
        )

    [3] => Array
        (
            [id] => 52
            [crosstrain] => 1
            [skilled] => 1
        )

)

DEBUG - 2025-05-15 22:25:35 --> Returned Crosstrain and Skilled data: Array
(
    [0] => Array
        (
            [id] => 29
            [crosstrain] => 0
            [skilled] => 3
        )

    [1] => Array
        (
            [id] => 39
            [crosstrain] => 0
            [skilled] => 4
        )

    [2] => Array
        (
            [id] => 50
            [crosstrain] => 0
            [skilled] => 1
        )

    [3] => Array
        (
            [id] => 52
            [crosstrain] => 1
            [skilled] => 1
        )

)

DEBUG - 2025-05-15 22:25:35 --> Session: Class initialized using 'CodeIgniter\Session\Handlers\FileHandler' driver.
DEBUG - 2025-05-15 22:25:35 --> Session: Class initialized using 'CodeIgniter\Session\Handlers\FileHandler' driver.
DEBUG - 2025-05-15 22:25:39 --> Session: Class initialized using 'CodeIgniter\Session\Handlers\FileHandler' driver.
WARNING - 2025-05-15 22:25:39 --> [DEPRECATED] Creation of dynamic property App\Controllers\Defects::$db is deprecated in APPPATH\Controllers\Defects.php on line 11.
 1 SYSTEMPATH\CodeIgniter.php(903): App\Controllers\Defects->__construct()
 2 SYSTEMPATH\CodeIgniter.php(498): CodeIgniter\CodeIgniter->createController()
 3 SYSTEMPATH\CodeIgniter.php(354): CodeIgniter\CodeIgniter->handleRequest(null, Object(Config\Cache), false)
 4 SYSTEMPATH\Boot.php(334): CodeIgniter\CodeIgniter->run()
 5 SYSTEMPATH\Boot.php(67): CodeIgniter\Boot::runCodeIgniter(Object(CodeIgniter\CodeIgniter))
 6 FCPATH\index.php(55): CodeIgniter\Boot::bootWeb(Object(Config\Paths))
DEBUG - 2025-05-15 22:25:39 --> Session: Class initialized using 'CodeIgniter\Session\Handlers\FileHandler' driver.
WARNING - 2025-05-15 22:25:39 --> [DEPRECATED] Creation of dynamic property App\Controllers\Defects::$db is deprecated in APPPATH\Controllers\Defects.php on line 11.
 1 SYSTEMPATH\CodeIgniter.php(903): App\Controllers\Defects->__construct()
 2 SYSTEMPATH\CodeIgniter.php(498): CodeIgniter\CodeIgniter->createController()
 3 SYSTEMPATH\CodeIgniter.php(354): CodeIgniter\CodeIgniter->handleRequest(null, Object(Config\Cache), false)
 4 SYSTEMPATH\Boot.php(334): CodeIgniter\CodeIgniter->run()
 5 SYSTEMPATH\Boot.php(67): CodeIgniter\Boot::runCodeIgniter(Object(CodeIgniter\CodeIgniter))
 6 FCPATH\index.php(55): CodeIgniter\Boot::bootWeb(Object(Config\Paths))
DEBUG - 2025-05-15 22:25:40 --> Session: Class initialized using 'CodeIgniter\Session\Handlers\FileHandler' driver.
WARNING - 2025-05-15 22:25:40 --> [DEPRECATED] Creation of dynamic property App\Controllers\Dashboard::$db is deprecated in APPPATH\Controllers\Dashboard.php on line 18.
 1 SYSTEMPATH\CodeIgniter.php(903): App\Controllers\Dashboard->__construct()
 2 SYSTEMPATH\CodeIgniter.php(498): CodeIgniter\CodeIgniter->createController()
 3 SYSTEMPATH\CodeIgniter.php(354): CodeIgniter\CodeIgniter->handleRequest(null, Object(Config\Cache), false)
 4 SYSTEMPATH\Boot.php(334): CodeIgniter\CodeIgniter->run()
 5 SYSTEMPATH\Boot.php(67): CodeIgniter\Boot::runCodeIgniter(Object(CodeIgniter\CodeIgniter))
 6 FCPATH\index.php(55): CodeIgniter\Boot::bootWeb(Object(Config\Paths))
DEBUG - 2025-05-15 22:25:40 --> Session: Class initialized using 'CodeIgniter\Session\Handlers\FileHandler' driver.
DEBUG - 2025-05-15 22:25:40 --> Session: Class initialized using 'CodeIgniter\Session\Handlers\FileHandler' driver.
DEBUG - 2025-05-15 22:25:40 --> Session: Class initialized using 'CodeIgniter\Session\Handlers\FileHandler' driver.
DEBUG - 2025-05-15 22:25:40 --> Session: Class initialized using 'CodeIgniter\Session\Handlers\FileHandler' driver.
DEBUG - 2025-05-15 22:25:41 --> Session: Class initialized using 'CodeIgniter\Session\Handlers\FileHandler' driver.
DEBUG - 2025-05-15 22:25:41 --> Session: Class initialized using 'CodeIgniter\Session\Handlers\FileHandler' driver.
WARNING - 2025-05-15 22:25:41 --> [DEPRECATED] Creation of dynamic property App\Controllers\Inprocessc::$model is deprecated in APPPATH\Controllers\Inprocessc.php on line 11.
 1 SYSTEMPATH\CodeIgniter.php(903): App\Controllers\Inprocessc->__construct()
 2 SYSTEMPATH\CodeIgniter.php(498): CodeIgniter\CodeIgniter->createController()
 3 SYSTEMPATH\CodeIgniter.php(354): CodeIgniter\CodeIgniter->handleRequest(null, Object(Config\Cache), false)
 4 SYSTEMPATH\Boot.php(334): CodeIgniter\CodeIgniter->run()
 5 SYSTEMPATH\Boot.php(67): CodeIgniter\Boot::runCodeIgniter(Object(CodeIgniter\CodeIgniter))
 6 FCPATH\index.php(55): CodeIgniter\Boot::bootWeb(Object(Config\Paths))
DEBUG - 2025-05-15 22:25:41 --> SQL Query Result for duty 1: Array
(
    [0] => Array
        (
            [lname] => Canta
            [duty] => 1
            [id_shift] => 0
        )

    [1] => Array
        (
            [lname] => Balde
            [duty] => 1
            [id_shift] => 0
        )

    [2] => Array
        (
            [lname] => Ballozos
            [duty] => 1
            [id_shift] => 0
        )

    [3] => Array
        (
            [lname] => Agdoro
            [duty] => 1
            [id_shift] => 0
        )

    [4] => Array
        (
            [lname] => Cas
            [duty] => 1
            [id_shift] => 0
        )

    [5] => Array
        (
            [lname] => Cambal
            [duty] => 1
            [id_shift] => 0
        )

    [6] => Array
        (
            [lname] => Camara
            [duty] => 1
            [id_shift] => 0
        )

    [7] => Array
        (
            [lname] => Camos
            [duty] => 1
            [id_shift] => 0
        )

)

DEBUG - 2025-05-15 22:25:41 --> SQL Query Result for duty 2: Array
(
    [0] => Array
        (
            [lname] => Burgos
            [duty] => 2
            [id_shift] => 0
        )

    [1] => Array
        (
            [lname] => Castillo
            [duty] => 2
            [id_shift] => 0
        )

    [2] => Array
        (
            [lname] => Brotonel
            [duty] => 2
            [id_shift] => 0
        )

    [3] => Array
        (
            [lname] => Belga
            [duty] => 2
            [id_shift] => 0
        )

    [4] => Array
        (
            [lname] => Barnedo
            [duty] => 2
            [id_shift] => 0
        )

    [5] => Array
        (
            [lname] => Carlom
            [duty] => 2
            [id_shift] => 0
        )

    [6] => Array
        (
            [lname] => Albania
            [duty] => 2
            [id_shift] => 0
        )

)

DEBUG - 2025-05-15 22:25:41 --> Returning JSON Response: Array
(
    [wrong_insert] => Array
        (
            [0] => Array
                (
                    [lname] => Canta
                    [duty] => 1
                    [id_shift] => 0
                )

            [1] => Array
                (
                    [lname] => Balde
                    [duty] => 1
                    [id_shift] => 0
                )

            [2] => Array
                (
                    [lname] => Ballozos
                    [duty] => 1
                    [id_shift] => 0
                )

            [3] => Array
                (
                    [lname] => Agdoro
                    [duty] => 1
                    [id_shift] => 0
                )

            [4] => Array
                (
                    [lname] => Cas
                    [duty] => 1
                    [id_shift] => 0
                )

            [5] => Array
                (
                    [lname] => Cambal
                    [duty] => 1
                    [id_shift] => 0
                )

            [6] => Array
                (
                    [lname] => Camara
                    [duty] => 1
                    [id_shift] => 0
                )

            [7] => Array
                (
                    [lname] => Camos
                    [duty] => 1
                    [id_shift] => 0
                )

        )

    [not_fully_inserted] => Array
        (
            [0] => Array
                (
                    [lname] => Burgos
                    [duty] => 2
                    [id_shift] => 0
                )

            [1] => Array
                (
                    [lname] => Castillo
                    [duty] => 2
                    [id_shift] => 0
                )

            [2] => Array
                (
                    [lname] => Brotonel
                    [duty] => 2
                    [id_shift] => 0
                )

            [3] => Array
                (
                    [lname] => Belga
                    [duty] => 2
                    [id_shift] => 0
                )

            [4] => Array
                (
                    [lname] => Barnedo
                    [duty] => 2
                    [id_shift] => 0
                )

            [5] => Array
                (
                    [lname] => Carlom
                    [duty] => 2
                    [id_shift] => 0
                )

            [6] => Array
                (
                    [lname] => Albania
                    [duty] => 2
                    [id_shift] => 0
                )

        )

)

DEBUG - 2025-05-15 22:25:41 --> Session: Class initialized using 'CodeIgniter\Session\Handlers\FileHandler' driver.
DEBUG - 2025-05-15 22:25:41 --> Crosstrain and Skilled data: Array
(
    [0] => Array
        (
            [id] => 29
            [crosstrain] => 0
            [skilled] => 3
        )

    [1] => Array
        (
            [id] => 39
            [crosstrain] => 0
            [skilled] => 4
        )

    [2] => Array
        (
            [id] => 50
            [crosstrain] => 0
            [skilled] => 1
        )

    [3] => Array
        (
            [id] => 52
            [crosstrain] => 1
            [skilled] => 1
        )

)

DEBUG - 2025-05-15 22:25:41 --> Returned Crosstrain and Skilled data: Array
(
    [0] => Array
        (
            [id] => 29
            [crosstrain] => 0
            [skilled] => 3
        )

    [1] => Array
        (
            [id] => 39
            [crosstrain] => 0
            [skilled] => 4
        )

    [2] => Array
        (
            [id] => 50
            [crosstrain] => 0
            [skilled] => 1
        )

    [3] => Array
        (
            [id] => 52
            [crosstrain] => 1
            [skilled] => 1
        )

)

DEBUG - 2025-05-15 22:25:41 --> Session: Class initialized using 'CodeIgniter\Session\Handlers\FileHandler' driver.
DEBUG - 2025-05-15 22:25:41 --> Session: Class initialized using 'CodeIgniter\Session\Handlers\FileHandler' driver.
DEBUG - 2025-05-15 22:25:50 --> Session: Class initialized using 'CodeIgniter\Session\Handlers\FileHandler' driver.
WARNING - 2025-05-15 22:25:50 --> [DEPRECATED] Creation of dynamic property App\Controllers\Defects::$db is deprecated in APPPATH\Controllers\Defects.php on line 11.
 1 SYSTEMPATH\CodeIgniter.php(903): App\Controllers\Defects->__construct()
 2 SYSTEMPATH\CodeIgniter.php(498): CodeIgniter\CodeIgniter->createController()
 3 SYSTEMPATH\CodeIgniter.php(354): CodeIgniter\CodeIgniter->handleRequest(null, Object(Config\Cache), false)
 4 SYSTEMPATH\Boot.php(334): CodeIgniter\CodeIgniter->run()
 5 SYSTEMPATH\Boot.php(67): CodeIgniter\Boot::runCodeIgniter(Object(CodeIgniter\CodeIgniter))
 6 FCPATH\index.php(55): CodeIgniter\Boot::bootWeb(Object(Config\Paths))
DEBUG - 2025-05-15 22:25:50 --> Session: Class initialized using 'CodeIgniter\Session\Handlers\FileHandler' driver.
WARNING - 2025-05-15 22:25:50 --> [DEPRECATED] Creation of dynamic property App\Controllers\Defects::$db is deprecated in APPPATH\Controllers\Defects.php on line 11.
 1 SYSTEMPATH\CodeIgniter.php(903): App\Controllers\Defects->__construct()
 2 SYSTEMPATH\CodeIgniter.php(498): CodeIgniter\CodeIgniter->createController()
 3 SYSTEMPATH\CodeIgniter.php(354): CodeIgniter\CodeIgniter->handleRequest(null, Object(Config\Cache), false)
 4 SYSTEMPATH\Boot.php(334): CodeIgniter\CodeIgniter->run()
 5 SYSTEMPATH\Boot.php(67): CodeIgniter\Boot::runCodeIgniter(Object(CodeIgniter\CodeIgniter))
 6 FCPATH\index.php(55): CodeIgniter\Boot::bootWeb(Object(Config\Paths))
DEBUG - 2025-05-15 22:25:51 --> Session: Class initialized using 'CodeIgniter\Session\Handlers\FileHandler' driver.
WARNING - 2025-05-15 22:25:51 --> [DEPRECATED] Creation of dynamic property App\Controllers\Dashboard::$db is deprecated in APPPATH\Controllers\Dashboard.php on line 18.
 1 SYSTEMPATH\CodeIgniter.php(903): App\Controllers\Dashboard->__construct()
 2 SYSTEMPATH\CodeIgniter.php(498): CodeIgniter\CodeIgniter->createController()
 3 SYSTEMPATH\CodeIgniter.php(354): CodeIgniter\CodeIgniter->handleRequest(null, Object(Config\Cache), false)
 4 SYSTEMPATH\Boot.php(334): CodeIgniter\CodeIgniter->run()
 5 SYSTEMPATH\Boot.php(67): CodeIgniter\Boot::runCodeIgniter(Object(CodeIgniter\CodeIgniter))
 6 FCPATH\index.php(55): CodeIgniter\Boot::bootWeb(Object(Config\Paths))
DEBUG - 2025-05-15 22:25:52 --> Session: Class initialized using 'CodeIgniter\Session\Handlers\FileHandler' driver.
DEBUG - 2025-05-15 22:25:52 --> Session: Class initialized using 'CodeIgniter\Session\Handlers\FileHandler' driver.
DEBUG - 2025-05-15 22:25:52 --> Session: Class initialized using 'CodeIgniter\Session\Handlers\FileHandler' driver.
DEBUG - 2025-05-15 22:25:52 --> Session: Class initialized using 'CodeIgniter\Session\Handlers\FileHandler' driver.
WARNING - 2025-05-15 22:25:52 --> [DEPRECATED] Creation of dynamic property App\Controllers\Inprocessc::$model is deprecated in APPPATH\Controllers\Inprocessc.php on line 11.
 1 SYSTEMPATH\CodeIgniter.php(903): App\Controllers\Inprocessc->__construct()
 2 SYSTEMPATH\CodeIgniter.php(498): CodeIgniter\CodeIgniter->createController()
 3 SYSTEMPATH\CodeIgniter.php(354): CodeIgniter\CodeIgniter->handleRequest(null, Object(Config\Cache), false)
 4 SYSTEMPATH\Boot.php(334): CodeIgniter\CodeIgniter->run()
 5 SYSTEMPATH\Boot.php(67): CodeIgniter\Boot::runCodeIgniter(Object(CodeIgniter\CodeIgniter))
 6 FCPATH\index.php(55): CodeIgniter\Boot::bootWeb(Object(Config\Paths))
DEBUG - 2025-05-15 22:25:52 --> SQL Query Result for duty 1: Array
(
    [0] => Array
        (
            [lname] => Canta
            [duty] => 1
            [id_shift] => 0
        )

    [1] => Array
        (
            [lname] => Balde
            [duty] => 1
            [id_shift] => 0
        )

    [2] => Array
        (
            [lname] => Ballozos
            [duty] => 1
            [id_shift] => 0
        )

    [3] => Array
        (
            [lname] => Agdoro
            [duty] => 1
            [id_shift] => 0
        )

    [4] => Array
        (
            [lname] => Cas
            [duty] => 1
            [id_shift] => 0
        )

    [5] => Array
        (
            [lname] => Cambal
            [duty] => 1
            [id_shift] => 0
        )

    [6] => Array
        (
            [lname] => Camara
            [duty] => 1
            [id_shift] => 0
        )

    [7] => Array
        (
            [lname] => Camos
            [duty] => 1
            [id_shift] => 0
        )

)

DEBUG - 2025-05-15 22:25:52 --> SQL Query Result for duty 2: Array
(
    [0] => Array
        (
            [lname] => Burgos
            [duty] => 2
            [id_shift] => 0
        )

    [1] => Array
        (
            [lname] => Castillo
            [duty] => 2
            [id_shift] => 0
        )

    [2] => Array
        (
            [lname] => Brotonel
            [duty] => 2
            [id_shift] => 0
        )

    [3] => Array
        (
            [lname] => Belga
            [duty] => 2
            [id_shift] => 0
        )

    [4] => Array
        (
            [lname] => Barnedo
            [duty] => 2
            [id_shift] => 0
        )

    [5] => Array
        (
            [lname] => Carlom
            [duty] => 2
            [id_shift] => 0
        )

    [6] => Array
        (
            [lname] => Albania
            [duty] => 2
            [id_shift] => 0
        )

)

DEBUG - 2025-05-15 22:25:52 --> Returning JSON Response: Array
(
    [wrong_insert] => Array
        (
            [0] => Array
                (
                    [lname] => Canta
                    [duty] => 1
                    [id_shift] => 0
                )

            [1] => Array
                (
                    [lname] => Balde
                    [duty] => 1
                    [id_shift] => 0
                )

            [2] => Array
                (
                    [lname] => Ballozos
                    [duty] => 1
                    [id_shift] => 0
                )

            [3] => Array
                (
                    [lname] => Agdoro
                    [duty] => 1
                    [id_shift] => 0
                )

            [4] => Array
                (
                    [lname] => Cas
                    [duty] => 1
                    [id_shift] => 0
                )

            [5] => Array
                (
                    [lname] => Cambal
                    [duty] => 1
                    [id_shift] => 0
                )

            [6] => Array
                (
                    [lname] => Camara
                    [duty] => 1
                    [id_shift] => 0
                )

            [7] => Array
                (
                    [lname] => Camos
                    [duty] => 1
                    [id_shift] => 0
                )

        )

    [not_fully_inserted] => Array
        (
            [0] => Array
                (
                    [lname] => Burgos
                    [duty] => 2
                    [id_shift] => 0
                )

            [1] => Array
                (
                    [lname] => Castillo
                    [duty] => 2
                    [id_shift] => 0
                )

            [2] => Array
                (
                    [lname] => Brotonel
                    [duty] => 2
                    [id_shift] => 0
                )

            [3] => Array
                (
                    [lname] => Belga
                    [duty] => 2
                    [id_shift] => 0
                )

            [4] => Array
                (
                    [lname] => Barnedo
                    [duty] => 2
                    [id_shift] => 0
                )

            [5] => Array
                (
                    [lname] => Carlom
                    [duty] => 2
                    [id_shift] => 0
                )

            [6] => Array
                (
                    [lname] => Albania
                    [duty] => 2
                    [id_shift] => 0
                )

        )

)

DEBUG - 2025-05-15 22:25:52 --> Session: Class initialized using 'CodeIgniter\Session\Handlers\FileHandler' driver.
DEBUG - 2025-05-15 22:25:52 --> Session: Class initialized using 'CodeIgniter\Session\Handlers\FileHandler' driver.
DEBUG - 2025-05-15 22:25:52 --> Session: Class initialized using 'CodeIgniter\Session\Handlers\FileHandler' driver.
DEBUG - 2025-05-15 22:25:52 --> Session: Class initialized using 'CodeIgniter\Session\Handlers\FileHandler' driver.
DEBUG - 2025-05-15 22:25:52 --> Session: Class initialized using 'CodeIgniter\Session\Handlers\FileHandler' driver.
DEBUG - 2025-05-15 22:25:52 --> Crosstrain and Skilled data: Array
(
    [0] => Array
        (
            [id] => 29
            [crosstrain] => 0
            [skilled] => 3
        )

    [1] => Array
        (
            [id] => 39
            [crosstrain] => 0
            [skilled] => 4
        )

    [2] => Array
        (
            [id] => 50
            [crosstrain] => 0
            [skilled] => 1
        )

    [3] => Array
        (
            [id] => 52
            [crosstrain] => 1
            [skilled] => 1
        )

)

DEBUG - 2025-05-15 22:25:52 --> Returned Crosstrain and Skilled data: Array
(
    [0] => Array
        (
            [id] => 29
            [crosstrain] => 0
            [skilled] => 3
        )

    [1] => Array
        (
            [id] => 39
            [crosstrain] => 0
            [skilled] => 4
        )

    [2] => Array
        (
            [id] => 50
            [crosstrain] => 0
            [skilled] => 1
        )

    [3] => Array
        (
            [id] => 52
            [crosstrain] => 1
            [skilled] => 1
        )

)

DEBUG - 2025-05-15 22:26:02 --> Session: Class initialized using 'CodeIgniter\Session\Handlers\FileHandler' driver.
DEBUG - 2025-05-15 22:26:02 --> Session: Class initialized using 'CodeIgniter\Session\Handlers\FileHandler' driver.
DEBUG - 2025-05-15 22:26:03 --> Session: Class initialized using 'CodeIgniter\Session\Handlers\FileHandler' driver.
